DEBUG - 2023-11-14 01:06:04,486 - main - main.main:22 - Scraper started work.
DEBUG - 2023-11-14 01:06:04,488 - main.utils - utils.load_from_csv:26 - Data loaded from 'data\categories.csv'. Total lines: 0
INFO - 2023-11-14 01:06:04,489 - main.category_scraper - category_scraper.scrap_all_categories:99 - All categories scraped. Found: 0 products; and 0 None (Not scraped categories)
DEBUG - 2023-11-14 01:06:04,489 - main.utils - utils.save_to_csv:17 - Data saved to 'data\categories.csv'. Total lines: 0
DEBUG - 2023-11-14 01:06:04,489 - main - main.main:56 - Product urls got. Now worktime: 0.00s
DEBUG - 2023-11-14 01:06:05,174 - main.utils - utils.load_from_csv:26 - Data loaded from 'data\product_urls.csv'. Total lines: 44648
WARNING - 2023-11-14 01:06:06,149 - main.product_scraper - product_scraper.scrap_product:42 - Can't get https://pipeprice.ru/product/truba-pnd-pe-100-pitevaya-sdr17-d90kh5-4-pn10/. AttributeError:23
WARNING - 2023-11-14 01:06:06,151 - main.product_scraper - product_scraper.scrap_product:42 - Can't get https://pipeprice.ru/product/truba-pnd-pe-100-pitevaya-sdr17-6-d75kh4-3-pn9-5/. AttributeError:23
WARNING - 2023-11-14 01:06:06,157 - main.product_scraper - product_scraper.scrap_product:42 - Can't get https://pipeprice.ru/product/truba-pnd-pe-80-pitevaya-sdr17-d90kh5-4-pn8/. AttributeError:23
WARNING - 2023-11-14 01:06:06,158 - main.product_scraper - product_scraper.scrap_product:42 - Can't get https://pipeprice.ru/product/truba-pnd-pe-80-pitevaya-sdr11-d90kh8-2-pn12-5/. AttributeError:23
WARNING - 2023-11-14 01:06:06,183 - main.product_scraper - product_scraper.scrap_product:42 - Can't get https://pipeprice.ru/product/truba-pnd-pe-100-pitevaya-sdr17-6-d90kh5-1-pn9-5/. AttributeError:23
WARNING - 2023-11-14 01:06:06,184 - main.product_scraper - product_scraper.scrap_product:42 - Can't get https://pipeprice.ru/product/truba-pnd-pe-100-pitevaya-sdr21-d90kh4-3-pn8/. AttributeError:23
WARNING - 2023-11-14 01:06:06,185 - main.product_scraper - product_scraper.scrap_product:42 - Can't get https://pipeprice.ru/product/truba-pnd-pe-100-pitevaya-sdr13-6-d90kh6-7-pn12-5/. AttributeError:23
WARNING - 2023-11-14 01:06:06,199 - main.product_scraper - product_scraper.scrap_product:42 - Can't get https://pipeprice.ru/product/truba-pnd-pe-100-pitevaya-sdr11-d90kh8-2-pn16/. AttributeError:23
WARNING - 2023-11-14 01:06:06,204 - main.product_scraper - product_scraper.scrap_product:42 - Can't get https://pipeprice.ru/product/truba-pnd-pe-63-pitevaya-sdr26-d110kh4-2-pn4/. AttributeError:23
WARNING - 2023-11-14 01:06:06,204 - main.product_scraper - product_scraper.scrap_product:42 - Can't get https://pipeprice.ru/product/truba-pnd-pe-63-pitevaya-sdr11-d90kh8-2-pn10/. AttributeError:23
WARNING - 2023-11-14 01:06:06,212 - main.product_scraper - product_scraper.scrap_product:42 - Can't get https://pipeprice.ru/product/truba-pnd-pe-63-pitevaya-sdr21-d110kh5-3-pn5/. AttributeError:23
WARNING - 2023-11-14 01:06:06,212 - main.product_scraper - product_scraper.scrap_product:42 - Can't get https://pipeprice.ru/product/truba-pnd-pe-63-pitevaya-sdr17-6-d110kh6-3-pn6/. AttributeError:23
WARNING - 2023-11-14 01:06:06,213 - main.product_scraper - product_scraper.scrap_product:42 - Can't get https://pipeprice.ru/product/truba-pnd-pe-100-pitevaya-sdr13-6-d75kh5-6-pn12-5/. AttributeError:23
WARNING - 2023-11-14 01:06:06,272 - main.product_scraper - product_scraper.scrap_product:42 - Can't get https://pipeprice.ru/product/truba-pnd-pe-63-pitevaya-sdr13-6-d110kh8-1-pn8/. AttributeError:23
WARNING - 2023-11-14 01:06:06,273 - main.product_scraper - product_scraper.scrap_product:42 - Can't get https://pipeprice.ru/product/truba-pnd-pe-63-pitevaya-sdr11-d110kh10-0-pn10/. AttributeError:23
WARNING - 2023-11-14 01:06:06,274 - main.product_scraper - product_scraper.scrap_product:42 - Can't get https://pipeprice.ru/product/truba-pnd-pe-80-pitevaya-sdr21-d110kh5-3-pn6-3/. AttributeError:23
WARNING - 2023-11-14 01:06:06,274 - main.product_scraper - product_scraper.scrap_product:42 - Can't get https://pipeprice.ru/product/truba-pnd-pe-80-pitevaya-sdr26-d110kh4-2-pn5/. AttributeError:23
WARNING - 2023-11-14 01:06:06,276 - main.product_scraper - product_scraper.scrap_product:42 - Can't get https://pipeprice.ru/product/truba-pnd-pe-100-pitevaya-sdr26-d90kh3-5-pn6-3/. AttributeError:23
WARNING - 2023-11-14 01:06:06,276 - main.product_scraper - product_scraper.scrap_product:42 - Can't get https://pipeprice.ru/product/truba-pnd-pe-63-pitevaya-sdr17-d75kh4-5-pn6-3/. AttributeError:23
WARNING - 2023-11-14 01:06:06,277 - main.product_scraper - product_scraper.scrap_product:42 - Can't get https://pipeprice.ru/product/truba-pnd-pe-63-pitevaya-sdr26-d90kh3-5-pn4/. AttributeError:23
WARNING - 2023-11-14 01:06:06,277 - main.product_scraper - product_scraper.scrap_product:42 - Can't get https://pipeprice.ru/product/truba-pnd-pe-80-pitevaya-sdr17-6-d110kh6-3-pn7-5/. AttributeError:23
WARNING - 2023-11-14 01:06:06,279 - main.product_scraper - product_scraper.scrap_product:42 - Can't get https://pipeprice.ru/product/truba-pnd-pe-100-pitevaya-sdr21-d75kh3-6-pn8/. AttributeError:23
WARNING - 2023-11-14 01:06:06,304 - main.product_scraper - product_scraper.scrap_product:42 - Can't get https://pipeprice.ru/product/truba-pnd-pe-80-pitevaya-sdr17-6-d90kh5-1-pn7-5/. AttributeError:23
WARNING - 2023-11-14 01:06:06,305 - main.product_scraper - product_scraper.scrap_product:42 - Can't get https://pipeprice.ru/product/truba-pnd-pe-100-pitevaya-sdr11-d75kh6-8-pn16/. AttributeError:23
WARNING - 2023-11-14 01:06:06,305 - main.product_scraper - product_scraper.scrap_product:42 - Can't get https://pipeprice.ru/product/truba-pnd-pe-100-pitevaya-sdr11-d110kh10-0-pn16/. AttributeError:23
WARNING - 2023-11-14 01:06:06,330 - main.product_scraper - product_scraper.scrap_product:42 - Can't get https://pipeprice.ru/product/truba-pnd-pe-63-pitevaya-sdr26-d125kh4-8-pn6-3/. AttributeError:23
WARNING - 2023-11-14 01:06:06,331 - main.product_scraper - product_scraper.scrap_product:42 - Can't get https://pipeprice.ru/product/truba-pnd-pe-63-pitevaya-sdr17-6-d125kh7-1-pn9-5/. AttributeError:23
WARNING - 2023-11-14 01:06:06,332 - main.product_scraper - product_scraper.scrap_product:42 - Can't get https://pipeprice.ru/product/truba-pnd-pe-63-pitevaya-sdr21-d125kh6-0-pn8/. AttributeError:23
WARNING - 2023-11-14 01:06:06,347 - main.product_scraper - product_scraper.scrap_product:42 - Can't get https://pipeprice.ru/product/truba-pnd-pe-80-pitevaya-sdr17-d110kh6-6-pn8/. AttributeError:23
WARNING - 2023-11-14 01:06:06,348 - main.product_scraper - product_scraper.scrap_product:42 - Can't get https://pipeprice.ru/product/truba-pnd-pe-63-pitevaya-sdr17-d125kh7-4-pn10/. AttributeError:23
WARNING - 2023-11-14 01:06:06,349 - main.product_scraper - product_scraper.scrap_product:42 - Can't get https://pipeprice.ru/product/truba-pnd-pe-100-pitevaya-sdr26-d110kh4-2-pn6-3/. AttributeError:23
WARNING - 2023-11-14 01:06:06,349 - main.product_scraper - product_scraper.scrap_product:42 - Can't get https://pipeprice.ru/product/truba-pnd-pe-80-pitevaya-sdr11-d110kh10-0-pn12-5/. AttributeError:23
WARNING - 2023-11-14 01:06:06,349 - main.product_scraper - product_scraper.scrap_product:42 - Can't get https://pipeprice.ru/product/truba-pnd-pe-100-pitevaya-sdr13-6-d110kh8-1-pn12-5/. AttributeError:23
WARNING - 2023-11-14 01:06:06,350 - main.product_scraper - product_scraper.scrap_product:42 - Can't get https://pipeprice.ru/product/truba-pnd-pe-63-pitevaya-sdr17-6-d90kh5-1-pn6/. AttributeError:23
WARNING - 2023-11-14 01:06:06,350 - main.product_scraper - product_scraper.scrap_product:42 - Can't get https://pipeprice.ru/product/truba-pnd-pe-100-pitevaya-sdr17-d110kh6-6-pn10/. AttributeError:23
WARNING - 2023-11-14 01:06:06,351 - main.product_scraper - product_scraper.scrap_product:42 - Can't get https://pipeprice.ru/product/truba-pnd-pe-63-pitevaya-sdr11-d125kh11-4-pn16/. AttributeError:23
WARNING - 2023-11-14 01:06:06,351 - main.product_scraper - product_scraper.scrap_product:42 - Can't get https://pipeprice.ru/product/truba-pnd-pe-100-pitevaya-sdr17-6-d110kh6-3-pn9-5/. AttributeError:23
WARNING - 2023-11-14 01:06:06,353 - main.product_scraper - product_scraper.scrap_product:42 - Can't get https://pipeprice.ru/product/truba-pnd-pe-80-pitevaya-sdr13-6-d110kh8-1-pn10/. AttributeError:23
WARNING - 2023-11-14 01:06:06,353 - main.product_scraper - product_scraper.scrap_product:42 - Can't get https://pipeprice.ru/product/truba-pnd-pe-100-pitevaya-sdr21-d110kh5-3-pn8/. AttributeError:23
WARNING - 2023-11-14 01:06:06,353 - main.product_scraper - product_scraper.scrap_product:42 - Can't get https://pipeprice.ru/product/truba-pnd-pe-63-pitevaya-sdr13-6-d125kh9-2-pn12-5/. AttributeError:23
WARNING - 2023-11-14 01:06:06,366 - main.product_scraper - product_scraper.scrap_product:42 - Can't get https://pipeprice.ru/product/truba-pnd-pe-80-pitevaya-sdr26-d125kh4-8-pn6-3/. AttributeError:23
WARNING - 2023-11-14 01:06:06,367 - main.product_scraper - product_scraper.scrap_product:42 - Can't get https://pipeprice.ru/product/truba-pnd-pe-80-pitevaya-sdr17-d125kh7-4-pn10/. AttributeError:23
WARNING - 2023-11-14 01:06:06,367 - main.product_scraper - product_scraper.scrap_product:42 - Can't get https://pipeprice.ru/product/truba-pnd-pe-80-pitevaya-sdr21-d125kh6-0-pn8/. AttributeError:23
WARNING - 2023-11-14 01:06:06,368 - main.product_scraper - product_scraper.scrap_product:42 - Can't get https://pipeprice.ru/product/truba-pnd-pe-80-pitevaya-sdr17-6-d125kh7-1-pn9-5/. AttributeError:23
WARNING - 2023-11-14 01:06:06,368 - main.product_scraper - product_scraper.scrap_product:42 - Can't get https://pipeprice.ru/product/truba-pnd-pe-80-pitevaya-sdr11-d125kh11-4-pn16/. AttributeError:23
WARNING - 2023-11-14 01:06:06,368 - main.product_scraper - product_scraper.scrap_product:42 - Can't get https://pipeprice.ru/product/truba-pnd-pe-100-pitevaya-sdr26-d125kh4-8-pn6-3/. AttributeError:23
WARNING - 2023-11-14 01:06:06,369 - main.product_scraper - product_scraper.scrap_product:42 - Can't get https://pipeprice.ru/product/truba-pnd-pe-100-pitevaya-sdr21-d125kh6-0-pn8/. AttributeError:23
WARNING - 2023-11-14 01:06:06,371 - main.product_scraper - product_scraper.scrap_product:42 - Can't get https://pipeprice.ru/product/truba-pnd-pe-100-pitevaya-sdr11-d125kh11-4-pn16/. AttributeError:23
WARNING - 2023-11-14 01:06:06,372 - main.product_scraper - product_scraper.scrap_product:42 - Can't get https://pipeprice.ru/product/truba-pnd-pe-100-pitevaya-sdr13-6-d125kh9-2-pn12-5/. AttributeError:23
WARNING - 2023-11-14 01:06:06,372 - main.product_scraper - product_scraper.scrap_product:42 - Can't get https://pipeprice.ru/product/truba-pnd-pe-100-pitevaya-sdr17-6-d125kh7-1-pn9-5/. AttributeError:23
WARNING - 2023-11-14 01:06:06,373 - main.product_scraper - product_scraper.scrap_product:42 - Can't get https://pipeprice.ru/product/truba-pnd-pe-100-pitevaya-sdr17-d125kh7-4-pn10/. AttributeError:23
WARNING - 2023-11-14 01:06:06,385 - main.product_scraper - product_scraper.scrap_product:42 - Can't get https://pipeprice.ru/product/truba-pnd-pe-63-pitevaya-sdr26-d140kh5-4-pn6-3/. AttributeError:23
WARNING - 2023-11-14 01:06:06,386 - main.product_scraper - product_scraper.scrap_product:42 - Can't get https://pipeprice.ru/product/truba-pnd-pe-63-pitevaya-sdr17-6-d140kh8-0-pn9-5/. AttributeError:23
WARNING - 2023-11-14 01:06:06,387 - main.product_scraper - product_scraper.scrap_product:42 - Can't get https://pipeprice.ru/product/truba-pnd-pe-63-pitevaya-sdr21-d140kh6-7-pn8/. AttributeError:23
WARNING - 2023-11-14 01:06:06,387 - main.product_scraper - product_scraper.scrap_product:42 - Can't get https://pipeprice.ru/product/truba-pnd-pe-63-pitevaya-sdr17-d140kh8-3-pn10/. AttributeError:23
WARNING - 2023-11-14 01:06:06,388 - main.product_scraper - product_scraper.scrap_product:42 - Can't get https://pipeprice.ru/product/truba-pnd-pe-80-pitevaya-sdr26-d140kh5-4-pn6-3/. AttributeError:23
WARNING - 2023-11-14 01:06:06,389 - main.product_scraper - product_scraper.scrap_product:42 - Can't get https://pipeprice.ru/product/truba-pnd-pe-63-pitevaya-sdr11-d140kh12-7-pn16/. AttributeError:23
WARNING - 2023-11-14 01:06:06,389 - main.product_scraper - product_scraper.scrap_product:42 - Can't get https://pipeprice.ru/product/truba-pnd-pe-63-pitevaya-sdr13-6-d140kh10-3-pn12-5/. AttributeError:23
WARNING - 2023-11-14 01:06:06,397 - main.product_scraper - product_scraper.scrap_product:42 - Can't get https://pipeprice.ru/product/truba-pnd-pe-80-pitevaya-sdr21-d140kh6-7-pn8/. AttributeError:23
WARNING - 2023-11-14 01:06:06,398 - main.product_scraper - product_scraper.scrap_product:42 - Can't get https://pipeprice.ru/product/truba-pnd-pe-80-pitevaya-sdr17-6-d140kh8-0-pn9-5/. AttributeError:23
WARNING - 2023-11-14 01:06:06,398 - main.product_scraper - product_scraper.scrap_product:42 - Can't get https://pipeprice.ru/product/truba-pnd-pe-80-pitevaya-sdr13-6-d140kh10-3-pn12-5/. AttributeError:23
WARNING - 2023-11-14 01:06:06,398 - main.product_scraper - product_scraper.scrap_product:42 - Can't get https://pipeprice.ru/product/truba-pnd-pe-80-pitevaya-sdr17-d140kh8-3-pn10/. AttributeError:23
WARNING - 2023-11-14 01:06:06,404 - main.product_scraper - product_scraper.scrap_product:42 - Can't get https://pipeprice.ru/product/truba-pnd-pe-80-pitevaya-sdr11-d140kh12-7-pn16/. AttributeError:23
WARNING - 2023-11-14 01:06:06,404 - main.product_scraper - product_scraper.scrap_product:42 - Can't get https://pipeprice.ru/product/truba-pnd-pe-100-pitevaya-sdr17-d140kh8-3-pn10/. AttributeError:23
WARNING - 2023-11-14 01:06:06,405 - main.product_scraper - product_scraper.scrap_product:42 - Can't get https://pipeprice.ru/product/truba-pnd-pe-100-pitevaya-sdr17-6-d140kh8-0-pn9-5/. AttributeError:23
WARNING - 2023-11-14 01:06:06,406 - main.product_scraper - product_scraper.scrap_product:42 - Can't get https://pipeprice.ru/product/truba-pnd-pe-100-pitevaya-sdr21-d140kh6-7-pn8/. AttributeError:23
WARNING - 2023-11-14 01:06:06,406 - main.product_scraper - product_scraper.scrap_product:42 - Can't get https://pipeprice.ru/product/truba-pnd-pe-100-pitevaya-sdr26-d140kh5-4-rpn6-3/. AttributeError:23
WARNING - 2023-11-14 01:06:06,406 - main.product_scraper - product_scraper.scrap_product:42 - Can't get https://pipeprice.ru/product/truba-pnd-pe-100-pitevaya-sdr13-6-d140kh10-3-pn12-5/. AttributeError:23
WARNING - 2023-11-14 01:06:06,407 - main.product_scraper - product_scraper.scrap_product:42 - Can't get https://pipeprice.ru/product/truba-pnd-pe-100-pitevaya-sdr11-d140kh12-7-pn16/. AttributeError:23
WARNING - 2023-11-14 01:06:06,418 - main.product_scraper - product_scraper.scrap_product:42 - Can't get https://pipeprice.ru/product/truba-pnd-pe-63-pitevaya-sdr17-d160kh9-5-pn6-3/. AttributeError:23
WARNING - 2023-11-14 01:06:06,418 - main.product_scraper - product_scraper.scrap_product:42 - Can't get https://pipeprice.ru/product/truba-pnd-pe-63-pitevaya-sdr26-d160kh6-2-pn4/. AttributeError:23
WARNING - 2023-11-14 01:06:06,419 - main.product_scraper - product_scraper.scrap_product:42 - Can't get https://pipeprice.ru/product/truba-pnd-pe-63-pitevaya-sdr21-d160kh7-7-pn5/. AttributeError:23
WARNING - 2023-11-14 01:06:06,419 - main.product_scraper - product_scraper.scrap_product:42 - Can't get https://pipeprice.ru/product/truba-pnd-pe-63-pitevaya-sdr17-6-d160kh9-1-pn6/. AttributeError:23
WARNING - 2023-11-14 01:06:06,420 - main.product_scraper - product_scraper.scrap_product:42 - Can't get https://pipeprice.ru/product/truba-pnd-pe-63-pitevaya-sdr13-6-d160kh11-8-pn8/. AttributeError:23
WARNING - 2023-11-14 01:06:06,430 - main.product_scraper - product_scraper.scrap_product:42 - Can't get https://pipeprice.ru/product/truba-pnd-pe-63-pitevaya-sdr11-d160kh14-6-pn10/. AttributeError:23
WARNING - 2023-11-14 01:06:06,431 - main.product_scraper - product_scraper.scrap_product:42 - Can't get https://pipeprice.ru/product/truba-pnd-pe-80-pitevaya-sdr26-d160kh6-2-pn5/. AttributeError:23
WARNING - 2023-11-14 01:06:06,431 - main.product_scraper - product_scraper.scrap_product:42 - Can't get https://pipeprice.ru/product/truba-pnd-pe-80-pitevaya-sdr17-6-d160kh9-1-pn7-5/. AttributeError:23
WARNING - 2023-11-14 01:06:06,432 - main.product_scraper - product_scraper.scrap_product:42 - Can't get https://pipeprice.ru/product/truba-pnd-pe-80-pitevaya-sdr17-d160kh9-5-pn8/. AttributeError:23
WARNING - 2023-11-14 01:06:06,433 - main.product_scraper - product_scraper.scrap_product:42 - Can't get https://pipeprice.ru/product/truba-pnd-pe-80-pitevaya-sdr21-d160kh7-7-pn6-3/. AttributeError:23
WARNING - 2023-11-14 01:06:06,433 - main.product_scraper - product_scraper.scrap_product:42 - Can't get https://pipeprice.ru/product/truba-pnd-pe-80-pitevaya-sdr11-d160kh14-6-pn12-5/. AttributeError:23
WARNING - 2023-11-14 01:06:06,437 - main.product_scraper - product_scraper.scrap_product:42 - Can't get https://pipeprice.ru/product/truba-pnd-pe-100-pitevaya-sdr21-d160kh7-7-pn8/. AttributeError:23
WARNING - 2023-11-14 01:06:06,438 - main.product_scraper - product_scraper.scrap_product:42 - Can't get https://pipeprice.ru/product/truba-pnd-pe-100-pitevaya-sdr26-d160kh6-2-pn6-3/. AttributeError:23
WARNING - 2023-11-14 01:06:06,439 - main.product_scraper - product_scraper.scrap_product:42 - Can't get https://pipeprice.ru/product/truba-pnd-pe-100-pitevaya-sdr17-d160kh9-5-pn10/. AttributeError:23
WARNING - 2023-11-14 01:06:06,440 - main.product_scraper - product_scraper.scrap_product:42 - Can't get https://pipeprice.ru/product/truba-pnd-pe-100-pitevaya-sdr13-6-d160kh11-8-pn12-5/. AttributeError:23
WARNING - 2023-11-14 01:06:06,440 - main.product_scraper - product_scraper.scrap_product:42 - Can't get https://pipeprice.ru/product/truba-pnd-pe-80-pitevaya-sdr13-6-d160kh11-8-pn10/. AttributeError:23
WARNING - 2023-11-14 01:06:06,453 - main.product_scraper - product_scraper.scrap_product:42 - Can't get https://pipeprice.ru/product/truba-pnd-pe-100-pitevaya-sdr17-6-d160kh9-1-pn9-5/. AttributeError:23
WARNING - 2023-11-14 01:06:06,454 - main.product_scraper - product_scraper.scrap_product:42 - Can't get https://pipeprice.ru/product/truba-pnd-pe-100-pitevaya-sdr11-d160kh14-6-pn16/. AttributeError:23
WARNING - 2023-11-14 01:06:06,455 - main.product_scraper - product_scraper.scrap_product:42 - Can't get https://pipeprice.ru/product/truba-pnd-pe-63-pitevaya-sdr21-d180kh8-6-pn5/. AttributeError:23
WARNING - 2023-11-14 01:06:06,455 - main.product_scraper - product_scraper.scrap_product:42 - Can't get https://pipeprice.ru/product/truba-pnd-pe-63-pitevaya-sdr13-6-d180kh13-3-pn8/. AttributeError:23
WARNING - 2023-11-14 01:06:06,455 - main.product_scraper - product_scraper.scrap_product:42 - Can't get https://pipeprice.ru/product/truba-pnd-pe-63-pitevaya-sdr17-d180kh10-7-pn6-3/. AttributeError:23
WARNING - 2023-11-14 01:06:06,457 - main.product_scraper - product_scraper.scrap_product:42 - Can't get https://pipeprice.ru/product/truba-pnd-pe-63-pitevaya-sdr26-d180kh6-9-pn4/. AttributeError:23
WARNING - 2023-11-14 01:06:06,457 - main.product_scraper - product_scraper.scrap_product:42 - Can't get https://pipeprice.ru/product/truba-pnd-pe-80-pitevaya-sdr26-d180kh6-9-pn5/. AttributeError:23
WARNING - 2023-11-14 01:06:06,457 - main.product_scraper - product_scraper.scrap_product:42 - Can't get https://pipeprice.ru/product/truba-pnd-pe-63-pitevaya-sdr17-6-d180kh10-2-pn6/. AttributeError:23
WARNING - 2023-11-14 01:06:06,457 - main.product_scraper - product_scraper.scrap_product:42 - Can't get https://pipeprice.ru/product/truba-pnd-pe-63-pitevaya-sdr11-d180kh16-4-pn10/. AttributeError:23
WARNING - 2023-11-14 01:06:06,458 - main.product_scraper - product_scraper.scrap_product:42 - Can't get https://pipeprice.ru/product/truba-pnd-pe-80-pitevaya-sdr21-d180kh8-6-pn6-3/. AttributeError:23
WARNING - 2023-11-14 01:06:06,458 - main.product_scraper - product_scraper.scrap_product:42 - Can't get https://pipeprice.ru/product/truba-pnd-pe-80-pitevaya-sdr17-6-d180kh10-2-pn7-5/. AttributeError:23
WARNING - 2023-11-14 01:06:06,470 - main.product_scraper - product_scraper.scrap_product:42 - Can't get https://pipeprice.ru/product/truba-pnd-pe-80-pitevaya-sdr17-d180kh10-7-pn8/. AttributeError:23
WARNING - 2023-11-14 01:06:06,482 - main.product_scraper - product_scraper.scrap_product:42 - Can't get https://pipeprice.ru/product/truba-pnd-pe-100-pitevaya-sdr13-6-d180kh13-3-pn12-5/. AttributeError:23
WARNING - 2023-11-14 01:06:06,483 - main.product_scraper - product_scraper.scrap_product:42 - Can't get https://pipeprice.ru/product/truba-pnd-pe-80-pitevaya-sdr11-d180kh16-4-pn12-5/. AttributeError:23
WARNING - 2023-11-14 01:06:06,483 - main.product_scraper - product_scraper.scrap_product:42 - Can't get https://pipeprice.ru/product/truba-pnd-pe-100-pitevaya-sdr26-d180kh6-9-pn6-3/. AttributeError:23
WARNING - 2023-11-14 01:06:06,484 - main.product_scraper - product_scraper.scrap_product:42 - Can't get https://pipeprice.ru/product/truba-pnd-pe-100-pitevaya-sdr17-d180kh10-7-pn10/. AttributeError:23
WARNING - 2023-11-14 01:06:06,484 - main.product_scraper - product_scraper.scrap_product:42 - Can't get https://pipeprice.ru/product/truba-pnd-pe-100-pitevaya-sdr17-6-d180kh10-2-pn9-5/. AttributeError:23
WARNING - 2023-11-14 01:06:06,484 - main.product_scraper - product_scraper.scrap_product:42 - Can't get https://pipeprice.ru/product/truba-pnd-pe-100-pitevaya-sdr11-d180kh16-4-pn16/. AttributeError:23
WARNING - 2023-11-14 01:06:06,486 - main.product_scraper - product_scraper.scrap_product:42 - Can't get https://pipeprice.ru/product/truba-pnd-pe-80-pitevaya-sdr13-6-d180kh13-3-pn10/. AttributeError:23
WARNING - 2023-11-14 01:06:06,486 - main.product_scraper - product_scraper.scrap_product:42 - Can't get https://pipeprice.ru/product/truba-pnd-pe-100-pitevaya-sdr21-d180kh8-6-pn8/. AttributeError:23
WARNING - 2023-11-14 01:06:06,487 - main.product_scraper - product_scraper.scrap_product:42 - Can't get https://pipeprice.ru/product/truba-pnd-pe-63-pitevaya-sdr26-d200kh7-7-pn4/. AttributeError:23
WARNING - 2023-11-14 01:06:06,487 - main.product_scraper - product_scraper.scrap_product:42 - Can't get https://pipeprice.ru/product/truba-pnd-pe-63-pitevaya-sdr21-d200kh9-6-pn5/. AttributeError:23
WARNING - 2023-11-14 01:06:06,487 - main.product_scraper - product_scraper.scrap_product:42 - Can't get https://pipeprice.ru/product/truba-pnd-pe-63-pitevaya-sdr17-6-d200kh11-4-pn6/. AttributeError:23
WARNING - 2023-11-14 01:06:06,499 - main.product_scraper - product_scraper.scrap_product:42 - Can't get https://pipeprice.ru/product/truba-pnd-pe-63-pitevaya-sdr17-d200kh11-9-pn6-3/. AttributeError:23
WARNING - 2023-11-14 01:06:06,500 - main.product_scraper - product_scraper.scrap_product:42 - Can't get https://pipeprice.ru/product/truba-pnd-pe-63-pitevaya-sdr13-6-d200kh14-7-pn8/. AttributeError:23
WARNING - 2023-11-14 01:06:06,500 - main.product_scraper - product_scraper.scrap_product:42 - Can't get https://pipeprice.ru/product/truba-pnd-pe-63-pitevaya-sdr11-d200kh18-2-pn10/. AttributeError:23
DEBUG - 2023-11-14 01:06:22,002 - main.product_scraper - product_scraper.scrap_products:59 - Products got: 200/44648 (0.4%)
DEBUG - 2023-11-14 01:07:09,478 - main.product_scraper - product_scraper.scrap_products:59 - Products got: 400/44648 (0.9%)
DEBUG - 2023-11-14 01:07:51,597 - main.product_scraper - product_scraper.scrap_products:59 - Products got: 600/44648 (1.3%)
DEBUG - 2023-11-14 01:08:32,844 - main.product_scraper - product_scraper.scrap_products:59 - Products got: 800/44648 (1.8%)
DEBUG - 2023-11-14 01:09:16,995 - main.product_scraper - product_scraper.scrap_products:59 - Products got: 1000/44648 (2.2%)
DEBUG - 2023-11-14 01:10:00,331 - main.product_scraper - product_scraper.scrap_products:59 - Products got: 1200/44648 (2.7%)
DEBUG - 2023-11-14 01:10:55,351 - main.product_scraper - product_scraper.scrap_products:59 - Products got: 1400/44648 (3.1%)
DEBUG - 2023-11-14 01:11:44,315 - main.product_scraper - product_scraper.scrap_products:59 - Products got: 1600/44648 (3.6%)
DEBUG - 2023-11-14 01:12:33,889 - main.product_scraper - product_scraper.scrap_products:59 - Products got: 1800/44648 (4.0%)
DEBUG - 2023-11-14 01:13:23,191 - main.product_scraper - product_scraper.scrap_products:59 - Products got: 2000/44648 (4.5%)
DEBUG - 2023-11-14 01:14:14,028 - main.product_scraper - product_scraper.scrap_products:59 - Products got: 2200/44648 (4.9%)
DEBUG - 2023-11-14 01:15:09,127 - main.product_scraper - product_scraper.scrap_products:59 - Products got: 2400/44648 (5.4%)
DEBUG - 2023-11-14 01:16:06,111 - main.product_scraper - product_scraper.scrap_products:59 - Products got: 2600/44648 (5.8%)
DEBUG - 2023-11-14 01:17:03,537 - main.product_scraper - product_scraper.scrap_products:59 - Products got: 2800/44648 (6.3%)
DEBUG - 2023-11-14 01:17:59,483 - main.product_scraper - product_scraper.scrap_products:59 - Products got: 3000/44648 (6.7%)
DEBUG - 2023-11-14 01:18:58,193 - main.product_scraper - product_scraper.scrap_products:59 - Products got: 3200/44648 (7.2%)
DEBUG - 2023-11-14 01:20:00,340 - main.product_scraper - product_scraper.scrap_products:59 - Products got: 3400/44648 (7.6%)
DEBUG - 2023-11-14 01:21:04,618 - main.product_scraper - product_scraper.scrap_products:59 - Products got: 3600/44648 (8.1%)
DEBUG - 2023-11-14 01:22:05,675 - main.product_scraper - product_scraper.scrap_products:59 - Products got: 3800/44648 (8.5%)
DEBUG - 2023-11-14 01:23:08,082 - main.product_scraper - product_scraper.scrap_products:59 - Products got: 4000/44648 (9.0%)
DEBUG - 2023-11-14 01:24:10,338 - main.product_scraper - product_scraper.scrap_products:59 - Products got: 4200/44648 (9.4%)
DEBUG - 2023-11-14 01:25:13,892 - main.product_scraper - product_scraper.scrap_products:59 - Products got: 4400/44648 (9.9%)
DEBUG - 2023-11-14 01:26:17,407 - main.product_scraper - product_scraper.scrap_products:59 - Products got: 4600/44648 (10.3%)
DEBUG - 2023-11-14 01:27:19,646 - main.product_scraper - product_scraper.scrap_products:59 - Products got: 4800/44648 (10.8%)
DEBUG - 2023-11-14 01:28:23,137 - main.product_scraper - product_scraper.scrap_products:59 - Products got: 5000/44648 (11.2%)
DEBUG - 2023-11-14 01:29:25,854 - main.product_scraper - product_scraper.scrap_products:59 - Products got: 5200/44648 (11.6%)
DEBUG - 2023-11-14 01:30:36,828 - main.product_scraper - product_scraper.scrap_products:59 - Products got: 5400/44648 (12.1%)
DEBUG - 2023-11-14 01:31:39,892 - main.product_scraper - product_scraper.scrap_products:59 - Products got: 5600/44648 (12.5%)
DEBUG - 2023-11-14 01:32:45,312 - main.product_scraper - product_scraper.scrap_products:59 - Products got: 5800/44648 (13.0%)
DEBUG - 2023-11-14 01:33:48,351 - main.product_scraper - product_scraper.scrap_products:59 - Products got: 6000/44648 (13.4%)
DEBUG - 2023-11-14 01:34:51,826 - main.product_scraper - product_scraper.scrap_products:59 - Products got: 6200/44648 (13.9%)
WARNING - 2023-11-14 01:36:00,167 - main.product_scraper - product_scraper.scrap_product:42 - Can't get https://pipeprice.ru/product/lotok-vodootvodnyy-betonnyy-dn200-h315-kl-e600/. AttributeError:23
WARNING - 2023-11-14 01:36:00,746 - main.product_scraper - product_scraper.scrap_product:42 - Can't get https://pipeprice.ru/product/lotok-vodootvodnyy-betonnyy-dn200-h365-kl-e600/. AttributeError:23
WARNING - 2023-11-14 01:36:01,520 - main.product_scraper - product_scraper.scrap_product:42 - Can't get https://pipeprice.ru/product/lotok-vodootvodnyy-betonnyy-dn300-h290-kl-e600/. AttributeError:23
WARNING - 2023-11-14 01:36:02,457 - main.product_scraper - product_scraper.scrap_product:42 - Can't get https://pipeprice.ru/product/lotok-vodootvodnyy-betonnyy-dn300-h315-kl-e600/. AttributeError:23
WARNING - 2023-11-14 01:36:03,167 - main.product_scraper - product_scraper.scrap_product:42 - Can't get https://pipeprice.ru/product/lotok-vodootvodnyy-betonnyy-dn300-h340-kl-e600/. AttributeError:23
WARNING - 2023-11-14 01:36:03,969 - main.product_scraper - product_scraper.scrap_product:42 - Can't get https://pipeprice.ru/product/lotok-vodootvodnyy-betonnyy-dn300-h405-kl-e600/. AttributeError:23
WARNING - 2023-11-14 01:36:04,572 - main.product_scraper - product_scraper.scrap_product:42 - Can't get https://pipeprice.ru/product/lotok-vodootvodnyy-betonnyy-dn300-h455-kl-e600/. AttributeError:23
WARNING - 2023-11-14 01:36:05,006 - main.product_scraper - product_scraper.scrap_product:42 - Can't get https://pipeprice.ru/product/lotok-vodootvodnyy-betonnyy-dn300-h480-kl-e600/. AttributeError:23
WARNING - 2023-11-14 01:36:05,222 - main.product_scraper - product_scraper.scrap_product:42 - Can't get https://pipeprice.ru/product/lotok-vodootvodnyy-betonnyy-dn300-h505-kl-e600/. AttributeError:23
WARNING - 2023-11-14 01:36:05,618 - main.product_scraper - product_scraper.scrap_product:42 - Can't get https://pipeprice.ru/product/korzinka-vodootodnaya-300/. AttributeError:23
WARNING - 2023-11-14 01:36:05,876 - main.product_scraper - product_scraper.scrap_product:42 - Can't get https://pipeprice.ru/product/lotok-vodootvodnyy-betonnyy-dn400-h350-kl-e600/. AttributeError:23
WARNING - 2023-11-14 01:36:06,234 - main.product_scraper - product_scraper.scrap_product:42 - Can't get https://pipeprice.ru/product/lotok-vodootvodnyy-betonnyy-dn400-h375-kl-e600/. AttributeError:23
WARNING - 2023-11-14 01:36:06,460 - main.product_scraper - product_scraper.scrap_product:42 - Can't get https://pipeprice.ru/product/lotok-vodootvodnyy-betonnyy-dn400-h400-e600/. AttributeError:23
WARNING - 2023-11-14 01:36:06,805 - main.product_scraper - product_scraper.scrap_product:42 - Can't get https://pipeprice.ru/product/lotok-vodootvodnyy-betonnyy-dn400-h425-kl-e600/. AttributeError:23
WARNING - 2023-11-14 01:36:07,208 - main.product_scraper - product_scraper.scrap_product:42 - Can't get https://pipeprice.ru/product/lotok-vodootvodnyy-betonnyy-dn400-h450-e600/. AttributeError:23
WARNING - 2023-11-14 01:36:07,417 - main.product_scraper - product_scraper.scrap_product:42 - Can't get https://pipeprice.ru/product/korzinka-vodootodnaya-400/. AttributeError:23
WARNING - 2023-11-14 01:36:07,780 - main.product_scraper - product_scraper.scrap_product:42 - Can't get https://pipeprice.ru/product/lotok-vodootvodnyy-betonnyy-dn500-h350-kl-e600/. AttributeError:23
WARNING - 2023-11-14 01:36:08,056 - main.product_scraper - product_scraper.scrap_product:42 - Can't get https://pipeprice.ru/product/lotok-vodootvodnyy-betonnyy-dn500-h375-kl-e600/. AttributeError:23
WARNING - 2023-11-14 01:36:08,468 - main.product_scraper - product_scraper.scrap_product:42 - Can't get https://pipeprice.ru/product/lotok-vodootvodnyy-betonnyy-dn500-h400-e600/. AttributeError:23
WARNING - 2023-11-14 01:36:08,881 - main.product_scraper - product_scraper.scrap_product:42 - Can't get https://pipeprice.ru/product/lotok-vodootvodnyy-betonnyy-dn500-h425-kl-e600/. AttributeError:23
WARNING - 2023-11-14 01:36:09,164 - main.product_scraper - product_scraper.scrap_product:42 - Can't get https://pipeprice.ru/product/lotok-vodootvodnyy-betonnyy-dn500-h450-kl-e600/. AttributeError:23
WARNING - 2023-11-14 01:36:09,622 - main.product_scraper - product_scraper.scrap_product:42 - Can't get https://pipeprice.ru/product/lotok-vodootvodnyy-betonnyy-dn500-h475-kl-e600/. AttributeError:23
WARNING - 2023-11-14 01:36:09,872 - main.product_scraper - product_scraper.scrap_product:42 - Can't get https://pipeprice.ru/product/lotok-vodootvodnyy-betonnyy-dn500-h500-e600/. AttributeError:23
WARNING - 2023-11-14 01:36:10,173 - main.product_scraper - product_scraper.scrap_product:42 - Can't get https://pipeprice.ru/product/korzinka-vodootodnaya-500/. AttributeError:23
WARNING - 2023-11-14 01:36:10,567 - main.product_scraper - product_scraper.scrap_product:42 - Can't get https://pipeprice.ru/product/reshetka-betonnaya-rbl-dn200-kl-a15/. AttributeError:23
WARNING - 2023-11-14 01:36:10,812 - main.product_scraper - product_scraper.scrap_product:42 - Can't get https://pipeprice.ru/product/korzinka-plastikovaya-300kh300/. AttributeError:23
WARNING - 2023-11-14 01:36:11,224 - main.product_scraper - product_scraper.scrap_product:42 - Can't get https://pipeprice.ru/product/peregorodka-plastikovaya-300kh300/. AttributeError:23
WARNING - 2023-11-14 01:36:11,514 - main.product_scraper - product_scraper.scrap_product:42 - Can't get https://pipeprice.ru/product/zaglushka-dlya-vodootvodnogo-lotka-dn-100/. AttributeError:23
WARNING - 2023-11-14 01:36:11,841 - main.product_scraper - product_scraper.scrap_product:42 - Can't get https://pipeprice.ru/product/krepezh-dlya-plastikovogo-lotka/. AttributeError:23
WARNING - 2023-11-14 01:36:12,234 - main.product_scraper - product_scraper.scrap_product:42 - Can't get https://pipeprice.ru/product/krepezh-krab-dlya-betonnykh-lotkov/. AttributeError:23
WARNING - 2023-11-14 01:36:12,989 - main.product_scraper - product_scraper.scrap_product:42 - Can't get https://pipeprice.ru/product/krepezh-planka-dlya-polimeberbetonnykh-lotkov/. AttributeError:23
WARNING - 2023-11-14 01:36:13,908 - main.product_scraper - product_scraper.scrap_product:42 - Can't get https://pipeprice.ru/product/zaglushka-k-lotku-dn-150-dn-200-steeplain-dn100/. AttributeError:23
WARNING - 2023-11-14 01:36:14,652 - main.product_scraper - product_scraper.scrap_product:42 - Can't get https://pipeprice.ru/product/peskoulovitel-plastikovyy-dn100-h413-kl-s250/. AttributeError:23
WARNING - 2023-11-14 01:36:14,995 - main.product_scraper - product_scraper.scrap_product:42 - Can't get https://pipeprice.ru/product/peskoulovitel-plastikovyy-dn100-h426-vysokiy-bort-/. AttributeError:23
WARNING - 2023-11-14 01:36:15,969 - main.product_scraper - product_scraper.scrap_product:42 - Can't get https://pipeprice.ru/product/peskoulovitel-polimerbetonnyy-dn100-h335-kl-s250/. AttributeError:23
WARNING - 2023-11-14 01:36:16,687 - main.product_scraper - product_scraper.scrap_product:42 - Can't get https://pipeprice.ru/product/peskoulovitel-betonnyy-dn100-h520-kl-s250/. AttributeError:23
WARNING - 2023-11-14 01:36:17,048 - main.product_scraper - product_scraper.scrap_product:42 - Can't get https://pipeprice.ru/product/peskoulovitel-betonnyy-dn100-h540-kl-d400/. AttributeError:23
WARNING - 2023-11-14 01:36:17,299 - main.product_scraper - product_scraper.scrap_product:42 - Can't get https://pipeprice.ru/product/peskoulovitel-betonnyy-dn150-h710-kl-e600/. AttributeError:23
WARNING - 2023-11-14 01:36:18,110 - main.product_scraper - product_scraper.scrap_product:42 - Can't get https://pipeprice.ru/product/peskoulovitel-betonnyy-dn200-h740-kl-e600/. AttributeError:23
WARNING - 2023-11-14 01:36:18,308 - main.product_scraper - product_scraper.scrap_product:42 - Can't get https://pipeprice.ru/product/peskoulovitel-betonnyy-dn300-h980-kl-e600/. AttributeError:23
WARNING - 2023-11-14 01:36:18,639 - main.product_scraper - product_scraper.scrap_product:42 - Can't get https://pipeprice.ru/product/peskoulovitel-betonnyy-dn400-h980-kl-e600/. AttributeError:23
WARNING - 2023-11-14 01:36:19,602 - main.product_scraper - product_scraper.scrap_product:42 - Can't get https://pipeprice.ru/product/peskoulovitel-betonnyy-trekhsektsionnyy-dn200-h150/. AttributeError:23
WARNING - 2023-11-14 01:36:19,834 - main.product_scraper - product_scraper.scrap_product:42 - Can't get https://pipeprice.ru/product/peskoulovitel-betonnyy-trekhsektsionnyy-dn300-h180/. AttributeError:23
WARNING - 2023-11-14 01:36:20,195 - main.product_scraper - product_scraper.scrap_product:42 - Can't get https://pipeprice.ru/product/peskoulovitel-betonnyy-trekhsektsionnyy-dn400-h200/. AttributeError:23
WARNING - 2023-11-14 01:36:20,449 - main.product_scraper - product_scraper.scrap_product:42 - Can't get https://pipeprice.ru/product/peskoulovitel-betonnyy-dn200-h700-kl-e600/. AttributeError:23
WARNING - 2023-11-14 01:36:20,810 - main.product_scraper - product_scraper.scrap_product:42 - Can't get https://pipeprice.ru/product/peskoulovitel-betonnyy-dn500-h1000-kl-e600/. AttributeError:23
WARNING - 2023-11-14 01:36:21,243 - main.product_scraper - product_scraper.scrap_product:42 - Can't get https://pipeprice.ru/product/peskoulovitel-betonnyy-dn110-h570-kl-e600/. AttributeError:23
WARNING - 2023-11-14 01:36:22,002 - main.product_scraper - product_scraper.scrap_product:42 - Can't get https://pipeprice.ru/product/peskoulovitel-betonnyy-dn160-h710-kl-e600/. AttributeError:23
WARNING - 2023-11-14 01:36:22,396 - main.product_scraper - product_scraper.scrap_product:42 - Can't get https://pipeprice.ru/product/lotok-vodootvodnoy-plastikovyy-dn100-b146-h180-kl-/. AttributeError:23
WARNING - 2023-11-14 01:36:23,108 - main.product_scraper - product_scraper.scrap_product:42 - Can't get https://pipeprice.ru/product/lotok-vodootvodnoy-plastikovyy-dn100-b146-h193-vys/. AttributeError:23
WARNING - 2023-11-14 01:36:23,967 - main.product_scraper - product_scraper.scrap_product:42 - Can't get https://pipeprice.ru/product/lotok-vodootvodnoy-plastikovyy-dn100-b146-h120-kl-/. AttributeError:23
WARNING - 2023-11-14 01:36:24,756 - main.product_scraper - product_scraper.scrap_product:42 - Can't get https://pipeprice.ru/product/lotok-vodootvodnoy-plastikovyy-dn100-b146-h133-vys/. AttributeError:23
WARNING - 2023-11-14 01:36:25,585 - main.product_scraper - product_scraper.scrap_product:42 - Can't get https://pipeprice.ru/product/lotok-vodootvodnoy-plastikovyy-dn100-b146-h80-kl-s/. AttributeError:23
WARNING - 2023-11-14 01:36:26,473 - main.product_scraper - product_scraper.scrap_product:42 - Can't get https://pipeprice.ru/product/lotok-vodootvodnoy-plastikovyy-dn100-b146-h93-vyso/. AttributeError:23
WARNING - 2023-11-14 01:36:26,700 - main.product_scraper - product_scraper.scrap_product:42 - Can't get https://pipeprice.ru/product/lotok-vodootvodnoy-plastikovyy-dn100-b146-h55-kl-s/. AttributeError:23
WARNING - 2023-11-14 01:36:27,128 - main.product_scraper - product_scraper.scrap_product:42 - Can't get https://pipeprice.ru/product/lotok-vodootvodnoy-plastikovyy-dn150-b146-h185-kl-/. AttributeError:23
WARNING - 2023-11-14 01:36:27,433 - main.product_scraper - product_scraper.scrap_product:42 - Can't get https://pipeprice.ru/product/lotok-vodootvodnoy-plastikovyy-dn200-b246-h200-kl-/. AttributeError:23
WARNING - 2023-11-14 01:36:28,184 - main.product_scraper - product_scraper.scrap_product:42 - Can't get https://pipeprice.ru/product/lotok-vodootvodnoy-plastikovyy-dn100-b128-h100-s-p/. AttributeError:23
WARNING - 2023-11-14 01:36:28,592 - main.product_scraper - product_scraper.scrap_product:42 - Can't get https://pipeprice.ru/product/lotok-vodootvodnoy-plastikovyy-dn100-b128-h100-so-/. AttributeError:23
WARNING - 2023-11-14 01:36:29,270 - main.product_scraper - product_scraper.scrap_product:42 - Can't get https://pipeprice.ru/product/lotok-vodootvodnyy-polimerbetonnyy-dn100-b140-h55/. AttributeError:23
WARNING - 2023-11-14 01:36:30,131 - main.product_scraper - product_scraper.scrap_product:42 - Can't get https://pipeprice.ru/product/lotok-vodootvodnyy-polimerbetonnyy-dn100-b140-h95/. AttributeError:23
WARNING - 2023-11-14 01:36:30,875 - main.product_scraper - product_scraper.scrap_product:42 - Can't get https://pipeprice.ru/product/lotok-vodootvodnyy-polimerbetonnyy-dn100-b140-h125/. AttributeError:23
WARNING - 2023-11-14 01:36:31,725 - main.product_scraper - product_scraper.scrap_product:42 - Can't get https://pipeprice.ru/product/voronka-chugunnaya-vodostochnaya-vu100/. AttributeError:23
WARNING - 2023-11-14 01:36:32,416 - main.product_scraper - product_scraper.scrap_product:42 - Can't get https://pipeprice.ru/product/trap-chugunnyy-vertikalnyy-du-100/. AttributeError:23
WARNING - 2023-11-14 01:36:33,206 - main.product_scraper - product_scraper.scrap_product:42 - Can't get https://pipeprice.ru/product/trap-chugunnyy-gorizontalnyy-du-50/. AttributeError:23
WARNING - 2023-11-14 01:36:33,603 - main.product_scraper - product_scraper.scrap_product:42 - Can't get https://pipeprice.ru/product/trap-chugunnyy-gorizontalnyy-du-100/. AttributeError:23
WARNING - 2023-11-14 01:36:34,314 - main.product_scraper - product_scraper.scrap_product:42 - Can't get https://pipeprice.ru/product/vodootvodnoe-chugunnoe-ustroystvo-vu-150/. AttributeError:23
WARNING - 2023-11-14 01:36:35,178 - main.product_scraper - product_scraper.scrap_product:42 - Can't get https://pipeprice.ru/product/dozhdepriemnyy-kolodets-trekhsektsionnyy-dn200-b34/. AttributeError:23
WARNING - 2023-11-14 01:36:36,030 - main.product_scraper - product_scraper.scrap_product:42 - Can't get https://pipeprice.ru/product/dozhdepriemnyy-kolodets-trekhsektsionnyy-dn300-b43/. AttributeError:23
WARNING - 2023-11-14 01:36:36,677 - main.product_scraper - product_scraper.scrap_product:42 - Can't get https://pipeprice.ru/product/dozhdepriemnyy-kolodets-trekhsektsionnyy-dn400-b55/. AttributeError:23
DEBUG - 2023-11-14 01:36:36,677 - main.product_scraper - product_scraper.scrap_products:59 - Products got: 6400/44648 (14.3%)
DEBUG - 2023-11-14 01:37:43,823 - main.product_scraper - product_scraper.scrap_products:59 - Products got: 6600/44648 (14.8%)
DEBUG - 2023-11-14 01:38:57,846 - main.product_scraper - product_scraper.scrap_products:59 - Products got: 6800/44648 (15.2%)
DEBUG - 2023-11-14 01:40:06,599 - main.product_scraper - product_scraper.scrap_products:59 - Products got: 7000/44648 (15.7%)
DEBUG - 2023-11-14 01:41:29,809 - main.product_scraper - product_scraper.scrap_products:59 - Products got: 7200/44648 (16.1%)
DEBUG - 2023-11-14 01:42:38,488 - main.product_scraper - product_scraper.scrap_products:59 - Products got: 7400/44648 (16.6%)
DEBUG - 2023-11-14 01:43:51,615 - main.product_scraper - product_scraper.scrap_products:59 - Products got: 7600/44648 (17.0%)
DEBUG - 2023-11-14 01:45:28,037 - main.product_scraper - product_scraper.scrap_products:59 - Products got: 7800/44648 (17.5%)
DEBUG - 2023-11-14 01:47:04,340 - main.product_scraper - product_scraper.scrap_products:59 - Products got: 8000/44648 (17.9%)
WARNING - 2023-11-14 01:48:21,655 - main.product_scraper - product_scraper.scrap_product:42 - Can't get https://pipeprice.ru/product/bolt-stalnoy-m22kh85-shestigrannyy-gost-7798-70/. AttributeError:23
WARNING - 2023-11-14 01:48:28,093 - main.product_scraper - product_scraper.scrap_product:42 - Can't get https://pipeprice.ru/product/bolt-stalnoy-m22kh190-shestigrannyy-gost-7798-70/. AttributeError:23
WARNING - 2023-11-14 01:48:31,812 - main.product_scraper - product_scraper.scrap_product:42 - Can't get https://pipeprice.ru/product/bolt-stalnoy-m24kh50-shestigrannyy-gost-7798-70/. AttributeError:23
WARNING - 2023-11-14 01:48:41,596 - main.product_scraper - product_scraper.scrap_product:42 - Can't get https://pipeprice.ru/product/bolt-stalnoy-m24kh180-shestigrannyy-gost-7798-70/. AttributeError:23
WARNING - 2023-11-14 01:48:41,995 - main.product_scraper - product_scraper.scrap_product:42 - Can't get https://pipeprice.ru/product/bolt-stalnoy-m24kh190-shestigrannyy-gost-7798-70/. AttributeError:23
WARNING - 2023-11-14 01:48:46,972 - main.product_scraper - product_scraper.scrap_product:42 - Can't get https://pipeprice.ru/product/bolt-stalnoy-m27kh75-shestigrannyy-gost-7798-70/. AttributeError:23
WARNING - 2023-11-14 01:48:47,215 - main.product_scraper - product_scraper.scrap_product:42 - Can't get https://pipeprice.ru/product/bolt-stalnoy-m27kh80-shestigrannyy-gost-7798-70/. AttributeError:23
WARNING - 2023-11-14 01:48:54,068 - main.product_scraper - product_scraper.scrap_product:42 - Can't get https://pipeprice.ru/product/bolt-stalnoy-m27kh160-shestigrannyy-gost-7798-70/. AttributeError:23
WARNING - 2023-11-14 01:48:55,548 - main.product_scraper - product_scraper.scrap_product:42 - Can't get https://pipeprice.ru/product/bolt-stalnoy-m27kh190-shestigrannyy-gost-7798-70/. AttributeError:23
WARNING - 2023-11-14 01:48:57,655 - main.product_scraper - product_scraper.scrap_product:42 - Can't get https://pipeprice.ru/product/bolt-stalnoy-m27kh220-shestigrannyy-gost-7798-70/. AttributeError:23
WARNING - 2023-11-14 01:48:57,907 - main.product_scraper - product_scraper.scrap_product:42 - Can't get https://pipeprice.ru/product/bolt-stalnoy-m27kh230-shestigrannyy-gost-7798-70/. AttributeError:23
DEBUG - 2023-11-14 01:48:57,907 - main.product_scraper - product_scraper.scrap_products:59 - Products got: 8200/44648 (18.4%)
DEBUG - 2023-11-14 01:50:40,570 - main.product_scraper - product_scraper.scrap_products:59 - Products got: 8400/44648 (18.8%)
WARNING - 2023-11-14 01:51:41,119 - main.product_scraper - product_scraper.scrap_product:42 - Can't get https://pipeprice.ru/product/bolt-nerzhaveyushchiy-din931-a2-a4-m24kh90-shestigrannyy-s-nepoln/. AttributeError:23
WARNING - 2023-11-14 01:51:41,119 - main.product_scraper - product_scraper.scrap_product:42 - Can't get https://pipeprice.ru/product/bolt-nerzhaveyushchiy-din931-a2-a4-m27kh85-shestigrannyy-s-nepoln/. AttributeError:23
WARNING - 2023-11-14 01:51:41,120 - main.product_scraper - product_scraper.scrap_product:42 - Can't get https://pipeprice.ru/product/bolt-nerzhaveyushchiy-din931-a2-a4-m27kh90-shestigrannyy-s-nepoln/. AttributeError:23
WARNING - 2023-11-14 01:51:41,121 - main.product_scraper - product_scraper.scrap_product:42 - Can't get https://pipeprice.ru/product/bolt-nerzhaveyushchiy-din931-a2-a4-m27kh120-shestigrannyy-s-nepol/. AttributeError:23
WARNING - 2023-11-14 01:51:41,121 - main.product_scraper - product_scraper.scrap_product:42 - Can't get https://pipeprice.ru/product/bolt-nerzhaveyushchiy-din931-a2-a4-m24kh160-shestigrannyy-s-nepol/. AttributeError:23
WARNING - 2023-11-14 01:51:41,121 - main.product_scraper - product_scraper.scrap_product:42 - Can't get https://pipeprice.ru/product/bolt-nerzhaveyushchiy-din931-a2-a4-m24kh85-shestigrannyy-s-nepoln/. AttributeError:23
WARNING - 2023-11-14 01:51:41,122 - main.product_scraper - product_scraper.scrap_product:42 - Can't get https://pipeprice.ru/product/bolt-nerzhaveyushchiy-din931-a2-a4-m27kh110-shestigrannyy-s-nepol/. AttributeError:23
WARNING - 2023-11-14 01:51:41,122 - main.product_scraper - product_scraper.scrap_product:42 - Can't get https://pipeprice.ru/product/bolt-nerzhaveyushchiy-din931-a2-a4-m24kh140-shestigrannyy-s-nepol/. AttributeError:23
WARNING - 2023-11-14 01:51:41,123 - main.product_scraper - product_scraper.scrap_product:42 - Can't get https://pipeprice.ru/product/bolt-nerzhaveyushchiy-din931-a2-a4-m24kh95-shestigrannyy-s-nepoln/. AttributeError:23
WARNING - 2023-11-14 01:51:42,092 - main.product_scraper - product_scraper.scrap_product:42 - Can't get https://pipeprice.ru/product/bolt-nerzhaveyushchiy-din931-a2-a4-m30kh80-shestigrannyy-s-nepoln/. AttributeError:23
WARNING - 2023-11-14 01:51:42,901 - main.product_scraper - product_scraper.scrap_product:42 - Can't get https://pipeprice.ru/product/bolt-nerzhaveyushchiy-din931-a2-a4-m30kh85-shestigrannyy-s-nepoln/. AttributeError:23
WARNING - 2023-11-14 01:51:43,794 - main.product_scraper - product_scraper.scrap_product:42 - Can't get https://pipeprice.ru/product/bolt-nerzhaveyushchiy-din931-a2-a4-m30kh90-shestigrannyy-s-nepoln/. AttributeError:23
WARNING - 2023-11-14 01:51:44,624 - main.product_scraper - product_scraper.scrap_product:42 - Can't get https://pipeprice.ru/product/bolt-nerzhaveyushchiy-din931-a2-a4-m30kh95-shestigrannyy-s-nepoln/. AttributeError:23
WARNING - 2023-11-14 01:51:45,500 - main.product_scraper - product_scraper.scrap_product:42 - Can't get https://pipeprice.ru/product/bolt-nerzhaveyushchiy-din931-a2-a4-m30kh100-shestigrannyy-s-nepol/. AttributeError:23
WARNING - 2023-11-14 01:51:45,893 - main.product_scraper - product_scraper.scrap_product:42 - Can't get https://pipeprice.ru/product/bolt-nerzhaveyushchiy-din931-a2-a4-m30kh110-shestigrannyy-s-nepol/. AttributeError:23
WARNING - 2023-11-14 01:51:46,133 - main.product_scraper - product_scraper.scrap_product:42 - Can't get https://pipeprice.ru/product/bolt-nerzhaveyushchiy-din931-a2-a4-m30kh120-shestigrannyy-s-nepol/. AttributeError:23
WARNING - 2023-11-14 01:51:47,017 - main.product_scraper - product_scraper.scrap_product:42 - Can't get https://pipeprice.ru/product/bolt-nerzhaveyushchiy-din931-a2-a4-m30kh130-shestigrannyy-s-nepol/. AttributeError:23
WARNING - 2023-11-14 01:51:47,765 - main.product_scraper - product_scraper.scrap_product:42 - Can't get https://pipeprice.ru/product/bolt-nerzhaveyushchiy-din931-a2-a4-m30kh140-shestigrannyy-s-nepol/. AttributeError:23
WARNING - 2023-11-14 01:51:48,540 - main.product_scraper - product_scraper.scrap_product:42 - Can't get https://pipeprice.ru/product/bolt-nerzhaveyushchiy-din931-a2-a4-m30kh150-shestigrannyy-s-nepol/. AttributeError:23
WARNING - 2023-11-14 01:51:48,925 - main.product_scraper - product_scraper.scrap_product:42 - Can't get https://pipeprice.ru/product/bolt-nerzhaveyushchiy-din931-a2-a4-m30kh160-shestigrannyy-s-nepol/. AttributeError:23
WARNING - 2023-11-14 01:51:49,693 - main.product_scraper - product_scraper.scrap_product:42 - Can't get https://pipeprice.ru/product/bolt-nerzhaveyushchiy-din931-a2-a4-m30kh170-shestigrannyy-s-nepol/. AttributeError:23
WARNING - 2023-11-14 01:51:50,691 - main.product_scraper - product_scraper.scrap_product:42 - Can't get https://pipeprice.ru/product/bolt-nerzhaveyushchiy-din931-a2-a4-m33kh90-shestigrannyy-s-nepoln/. AttributeError:23
WARNING - 2023-11-14 01:51:51,490 - main.product_scraper - product_scraper.scrap_product:42 - Can't get https://pipeprice.ru/product/bolt-nerzhaveyushchiy-din931-a2-a4-m33kh95-shestigrannyy-s-nepoln/. AttributeError:23
WARNING - 2023-11-14 01:51:52,337 - main.product_scraper - product_scraper.scrap_product:42 - Can't get https://pipeprice.ru/product/bolt-nerzhaveyushchiy-din931-a2-a4-m33kh100-shestigrannyy-s-nepol/. AttributeError:23
WARNING - 2023-11-14 01:51:53,336 - main.product_scraper - product_scraper.scrap_product:42 - Can't get https://pipeprice.ru/product/bolt-nerzhaveyushchiy-din931-a2-a4-m33kh110-shestigrannyy-s-nepol/. AttributeError:23
WARNING - 2023-11-14 01:51:54,733 - main.product_scraper - product_scraper.scrap_product:42 - Can't get https://pipeprice.ru/product/bolt-nerzhaveyushchiy-din931-a2-a4-m33kh130-shestigrannyy-s-nepol/. AttributeError:23
WARNING - 2023-11-14 01:51:54,876 - main.product_scraper - product_scraper.scrap_product:42 - Can't get https://pipeprice.ru/product/bolt-nerzhaveyushchiy-din931-a2-a4-m33kh140-shestigrannyy-s-nepol/. AttributeError:23
WARNING - 2023-11-14 01:51:56,247 - main.product_scraper - product_scraper.scrap_product:42 - Can't get https://pipeprice.ru/product/bolt-nerzhaveyushchiy-din931-a2-a4-m33kh160-shestigrannyy-s-nepol/. AttributeError:23
DEBUG - 2023-11-14 01:52:24,386 - main.product_scraper - product_scraper.scrap_products:59 - Products got: 8600/44648 (19.3%)
WARNING - 2023-11-14 01:53:38,482 - main.product_scraper - product_scraper.scrap_product:42 - Can't get https://pipeprice.ru/product/bolt-nerzhaveyushchiy-din933-a2-a4-m16kh85-shestigrannyy/. AttributeError:23
WARNING - 2023-11-14 01:54:00,660 - main.product_scraper - product_scraper.scrap_product:42 - Can't get https://pipeprice.ru/product/bolt-nerzhaveyushchiy-din933-a2-a4-m22kh70-shestigrannyy/. AttributeError:23
WARNING - 2023-11-14 01:54:02,383 - main.product_scraper - product_scraper.scrap_product:42 - Can't get https://pipeprice.ru/product/bolt-nerzhaveyushchiy-din933-a2-a4-m22kh85-shestigrannyy/. AttributeError:23
DEBUG - 2023-11-14 01:54:21,171 - main.product_scraper - product_scraper.scrap_products:59 - Products got: 8800/44648 (19.7%)
DEBUG - 2023-11-14 01:56:01,130 - main.product_scraper - product_scraper.scrap_products:59 - Products got: 9000/44648 (20.2%)
DEBUG - 2023-11-14 01:57:34,113 - main.product_scraper - product_scraper.scrap_products:59 - Products got: 9200/44648 (20.6%)
DEBUG - 2023-11-14 01:58:53,906 - main.product_scraper - product_scraper.scrap_products:59 - Products got: 9400/44648 (21.1%)
DEBUG - 2023-11-14 02:00:06,675 - main.product_scraper - product_scraper.scrap_products:59 - Products got: 9600/44648 (21.5%)
DEBUG - 2023-11-14 02:01:50,179 - main.product_scraper - product_scraper.scrap_products:59 - Products got: 9800/44648 (21.9%)
DEBUG - 2023-11-14 02:03:15,712 - main.product_scraper - product_scraper.scrap_products:59 - Products got: 10000/44648 (22.4%)
DEBUG - 2023-11-14 02:04:25,626 - main.product_scraper - product_scraper.scrap_products:59 - Products got: 10200/44648 (22.8%)
DEBUG - 2023-11-14 02:05:55,229 - main.product_scraper - product_scraper.scrap_products:59 - Products got: 10400/44648 (23.3%)
DEBUG - 2023-11-14 02:07:14,054 - main.product_scraper - product_scraper.scrap_products:59 - Products got: 10600/44648 (23.7%)
DEBUG - 2023-11-14 02:08:37,748 - main.product_scraper - product_scraper.scrap_products:59 - Products got: 10800/44648 (24.2%)
WARNING - 2023-11-14 02:10:14,548 - main.product_scraper - product_scraper.scrap_product:42 - Can't get https://pipeprice.ru/product/otvod-273kh15-stalnoy-180-gradusov-gost-17375-2001/. AttributeError:23
DEBUG - 2023-11-14 02:10:14,548 - main.product_scraper - product_scraper.scrap_products:59 - Products got: 11000/44648 (24.6%)
WARNING - 2023-11-14 02:11:16,967 - main.product_scraper - product_scraper.scrap_product:42 - Can't get https://pipeprice.ru/product/otvod-32kh2-stalnoy-otsinkovannyy-45-gradusov-kalach-gost-17375-2/. AttributeError:23
WARNING - 2023-11-14 02:11:16,968 - main.product_scraper - product_scraper.scrap_product:42 - Can't get https://pipeprice.ru/product/otvod-820kh18-stalnoy-180-gradusov-gost-17375-2001/. AttributeError:23
WARNING - 2023-11-14 02:11:16,968 - main.product_scraper - product_scraper.scrap_product:42 - Can't get https://pipeprice.ru/product/otvod-1020kh10-stalnoy-180-gradusov-gost-17375-2001/. AttributeError:23
WARNING - 2023-11-14 02:11:16,968 - main.product_scraper - product_scraper.scrap_product:42 - Can't get https://pipeprice.ru/product/otvod-820kh30-stalnoy-180-gradusov-gost-17375-2001/. AttributeError:23
WARNING - 2023-11-14 02:11:18,813 - main.product_scraper - product_scraper.scrap_product:42 - Can't get https://pipeprice.ru/product/otvod-32kh3-5-stalnoy-otsinkovannyy-45-gradusov-kalach-gost-17375/. AttributeError:23
DEBUG - 2023-11-14 02:12:12,005 - main.product_scraper - product_scraper.scrap_products:59 - Products got: 11200/44648 (25.1%)
WARNING - 2023-11-14 02:13:12,514 - main.product_scraper - product_scraper.scrap_product:42 - Can't get https://pipeprice.ru/product/otvod-720kh26-stalnoy-otsinkovannyy-45-gradusov-kalach-gost-17375/. AttributeError:23
WARNING - 2023-11-14 02:13:12,523 - main.product_scraper - product_scraper.scrap_product:42 - Can't get https://pipeprice.ru/product/otvod-720kh30-stalnoy-otsinkovannyy-45-gradusov-kalach-gost-17375/. AttributeError:23
WARNING - 2023-11-14 02:13:13,736 - main.product_scraper - product_scraper.scrap_product:42 - Can't get https://pipeprice.ru/product/otvod-820kh12-stalnoy-otsinkovannyy-45-gradusov-kalach-gost-17375/. AttributeError:23
WARNING - 2023-11-14 02:13:14,891 - main.product_scraper - product_scraper.scrap_product:42 - Can't get https://pipeprice.ru/product/otvod-820kh16-stalnoy-otsinkovannyy-45-gradusov-kalach-gost-17375/. AttributeError:23
WARNING - 2023-11-14 02:13:16,191 - main.product_scraper - product_scraper.scrap_product:42 - Can't get https://pipeprice.ru/product/otvod-820kh20-stalnoy-otsinkovannyy-45-gradusov-kalach-gost-17375/. AttributeError:23
DEBUG - 2023-11-14 02:13:54,198 - main.product_scraper - product_scraper.scrap_products:59 - Products got: 11400/44648 (25.5%)
WARNING - 2023-11-14 02:14:54,743 - main.product_scraper - product_scraper.scrap_product:42 - Can't get https://pipeprice.ru/product/otvod-530kh34-stalnoy-45-gradusov-kalach-gost-17375-2001/. AttributeError:23
WARNING - 2023-11-14 02:14:54,744 - main.product_scraper - product_scraper.scrap_product:42 - Can't get https://pipeprice.ru/product/otvod-530kh22-stalnoy-45-gradusov-kalach-gost-17375-2001/. AttributeError:23
WARNING - 2023-11-14 02:14:54,744 - main.product_scraper - product_scraper.scrap_product:42 - Can't get https://pipeprice.ru/product/otvod-630kh22-stalnoy-45-gradusov-kalach-gost-17375-2001/. AttributeError:23
WARNING - 2023-11-14 02:14:54,745 - main.product_scraper - product_scraper.scrap_product:42 - Can't get https://pipeprice.ru/product/otvod-630kh14-stalnoy-45-gradusov-kalach-gost-17375-2001/. AttributeError:23
WARNING - 2023-11-14 02:14:54,745 - main.product_scraper - product_scraper.scrap_product:42 - Can't get https://pipeprice.ru/product/otvod-530kh26-stalnoy-45-gradusov-kalach-gost-17375-2001/. AttributeError:23
WARNING - 2023-11-14 02:14:54,746 - main.product_scraper - product_scraper.scrap_product:42 - Can't get https://pipeprice.ru/product/otvod-426kh18-stalnoy-45-gradusov-kalach-gost-17375-2001/. AttributeError:23
WARNING - 2023-11-14 02:14:54,747 - main.product_scraper - product_scraper.scrap_product:42 - Can't get https://pipeprice.ru/product/otvod-630kh12-stalnoy-45-gradusov-kalach-gost-17375-2001/. AttributeError:23
WARNING - 2023-11-14 02:14:54,747 - main.product_scraper - product_scraper.scrap_product:42 - Can't get https://pipeprice.ru/product/otvod-426kh10-stalnoy-45-gradusov-kalach-gost-17375-2001/. AttributeError:23
WARNING - 2023-11-14 02:14:54,748 - main.product_scraper - product_scraper.scrap_product:42 - Can't get https://pipeprice.ru/product/otvod-630kh10-stalnoy-45-gradusov-kalach-gost-17375-2001/. AttributeError:23
WARNING - 2023-11-14 02:14:54,748 - main.product_scraper - product_scraper.scrap_product:42 - Can't get https://pipeprice.ru/product/otvod-530kh30-stalnoy-45-gradusov-kalach-gost-17375-2001/. AttributeError:23
WARNING - 2023-11-14 02:14:54,748 - main.product_scraper - product_scraper.scrap_product:42 - Can't get https://pipeprice.ru/product/otvod-630kh16-stalnoy-45-gradusov-kalach-gost-17375-2001/. AttributeError:23
WARNING - 2023-11-14 02:14:54,753 - main.product_scraper - product_scraper.scrap_product:42 - Can't get https://pipeprice.ru/product/otvod-530kh14-stalnoy-45-gradusov-kalach-gost-17375-2001/. AttributeError:23
WARNING - 2023-11-14 02:14:54,753 - main.product_scraper - product_scraper.scrap_product:42 - Can't get https://pipeprice.ru/product/otvod-630kh20-stalnoy-45-gradusov-kalach-gost-17375-2001/. AttributeError:23
WARNING - 2023-11-14 02:14:54,754 - main.product_scraper - product_scraper.scrap_product:42 - Can't get https://pipeprice.ru/product/otvod-530kh16-stalnoy-45-gradusov-kalach-gost-17375-2001/. AttributeError:23
WARNING - 2023-11-14 02:14:54,754 - main.product_scraper - product_scraper.scrap_product:42 - Can't get https://pipeprice.ru/product/otvod-630kh18-stalnoy-45-gradusov-kalach-gost-17375-2001/. AttributeError:23
WARNING - 2023-11-14 02:14:54,755 - main.product_scraper - product_scraper.scrap_product:42 - Can't get https://pipeprice.ru/product/otvod-530kh20-stalnoy-45-gradusov-kalach-gost-17375-2001/. AttributeError:23
WARNING - 2023-11-14 02:14:54,779 - main.product_scraper - product_scraper.scrap_product:42 - Can't get https://pipeprice.ru/product/otvod-90-1220-10-ost-36-21-77/. AttributeError:23
WARNING - 2023-11-14 02:14:54,781 - main.product_scraper - product_scraper.scrap_product:42 - Can't get https://pipeprice.ru/product/otvod-90-1220-12-ost-36-21-77/. AttributeError:23
WARNING - 2023-11-14 02:14:54,782 - main.product_scraper - product_scraper.scrap_product:42 - Can't get https://pipeprice.ru/product/otvod-90-1220-16-ost-36-21-77/. AttributeError:23
WARNING - 2023-11-14 02:14:54,782 - main.product_scraper - product_scraper.scrap_product:42 - Can't get https://pipeprice.ru/product/otvod-90-1420-10-ost-36-21-77/. AttributeError:23
WARNING - 2023-11-14 02:14:55,208 - main.product_scraper - product_scraper.scrap_product:42 - Can't get https://pipeprice.ru/product/otvod-630kh26-stalnoy-45-gradusov-kalach-gost-17375-2001/. AttributeError:23
WARNING - 2023-11-14 02:14:55,431 - main.product_scraper - product_scraper.scrap_product:42 - Can't get https://pipeprice.ru/product/otvod-630kh28-stalnoy-45-gradusov-kalach-gost-17375-2001/. AttributeError:23
WARNING - 2023-11-14 02:14:55,817 - main.product_scraper - product_scraper.scrap_product:42 - Can't get https://pipeprice.ru/product/otvod-630kh30-stalnoy-45-gradusov-kalach-gost-17375-2001/. AttributeError:23
WARNING - 2023-11-14 02:14:56,659 - main.product_scraper - product_scraper.scrap_product:42 - Can't get https://pipeprice.ru/product/otvod-630kh32-stalnoy-45-gradusov-kalach-gost-17375-2001/. AttributeError:23
WARNING - 2023-11-14 02:14:57,553 - main.product_scraper - product_scraper.scrap_product:42 - Can't get https://pipeprice.ru/product/otvod-720kh8-stalnoy-45-gradusov-kalach-gost-17375-2001/. AttributeError:23
WARNING - 2023-11-14 02:14:58,494 - main.product_scraper - product_scraper.scrap_product:42 - Can't get https://pipeprice.ru/product/otvod-720kh9-stalnoy-45-gradusov-kalach-gost-17375-2001/. AttributeError:23
WARNING - 2023-11-14 02:14:59,337 - main.product_scraper - product_scraper.scrap_product:42 - Can't get https://pipeprice.ru/product/otvod-720kh10-stalnoy-45-gradusov-kalach-gost-17375-2001/. AttributeError:23
WARNING - 2023-11-14 02:15:00,390 - main.product_scraper - product_scraper.scrap_product:42 - Can't get https://pipeprice.ru/product/otvod-720kh12-stalnoy-45-gradusov-kalach-gost-17375-2001/. AttributeError:23
WARNING - 2023-11-14 02:15:01,282 - main.product_scraper - product_scraper.scrap_product:42 - Can't get https://pipeprice.ru/product/otvod-720kh14-stalnoy-45-gradusov-kalach-gost-17375-2001/. AttributeError:23
WARNING - 2023-11-14 02:15:02,552 - main.product_scraper - product_scraper.scrap_product:42 - Can't get https://pipeprice.ru/product/otvod-720kh16-stalnoy-45-gradusov-kalach-gost-17375-2001/. AttributeError:23
WARNING - 2023-11-14 02:15:03,757 - main.product_scraper - product_scraper.scrap_product:42 - Can't get https://pipeprice.ru/product/otvod-720kh18-stalnoy-45-gradusov-kalach-gost-17375-2001/. AttributeError:23
WARNING - 2023-11-14 02:15:04,004 - main.product_scraper - product_scraper.scrap_product:42 - Can't get https://pipeprice.ru/product/otvod-720kh20-stalnoy-45-gradusov-kalach-gost-17375-2001/. AttributeError:23
WARNING - 2023-11-14 02:15:04,475 - main.product_scraper - product_scraper.scrap_product:42 - Can't get https://pipeprice.ru/product/otvod-720kh22-stalnoy-45-gradusov-kalach-gost-17375-2001/. AttributeError:23
WARNING - 2023-11-14 02:15:05,461 - main.product_scraper - product_scraper.scrap_product:42 - Can't get https://pipeprice.ru/product/otvod-720kh24-stalnoy-45-gradusov-kalach-gost-17375-2001/. AttributeError:23
WARNING - 2023-11-14 02:15:06,393 - main.product_scraper - product_scraper.scrap_product:42 - Can't get https://pipeprice.ru/product/otvod-720kh26-stalnoy-45-gradusov-kalach-gost-17375-2001/. AttributeError:23
WARNING - 2023-11-14 02:15:06,804 - main.product_scraper - product_scraper.scrap_product:42 - Can't get https://pipeprice.ru/product/otvod-720kh28-stalnoy-45-gradusov-kalach-gost-17375-2001/. AttributeError:23
WARNING - 2023-11-14 02:15:07,595 - main.product_scraper - product_scraper.scrap_product:42 - Can't get https://pipeprice.ru/product/otvod-720kh30-stalnoy-45-gradusov-kalach-gost-17375-2001/. AttributeError:23
WARNING - 2023-11-14 02:15:08,017 - main.product_scraper - product_scraper.scrap_product:42 - Can't get https://pipeprice.ru/product/otvod-720kh32-stalnoy-45-gradusov-kalach-gost-17375-2001/. AttributeError:23
WARNING - 2023-11-14 02:15:08,776 - main.product_scraper - product_scraper.scrap_product:42 - Can't get https://pipeprice.ru/product/otvod-820kh8-stalnoy-45-gradusov-kalach-gost-17375-2001/. AttributeError:23
WARNING - 2023-11-14 02:15:09,123 - main.product_scraper - product_scraper.scrap_product:42 - Can't get https://pipeprice.ru/product/otvod-820kh9-stalnoy-45-gradusov-kalach-gost-17375-2001/. AttributeError:23
WARNING - 2023-11-14 02:15:10,127 - main.product_scraper - product_scraper.scrap_product:42 - Can't get https://pipeprice.ru/product/otvod-820kh10-stalnoy-45-gradusov-kalach-gost-17375-2001/. AttributeError:23
WARNING - 2023-11-14 02:15:10,357 - main.product_scraper - product_scraper.scrap_product:42 - Can't get https://pipeprice.ru/product/otvod-820kh12-stalnoy-45-gradusov-kalach-gost-17375-2001/. AttributeError:23
WARNING - 2023-11-14 02:15:11,408 - main.product_scraper - product_scraper.scrap_product:42 - Can't get https://pipeprice.ru/product/otvod-820kh14-stalnoy-45-gradusov-kalach-gost-17375-2001/. AttributeError:23
WARNING - 2023-11-14 02:15:11,640 - main.product_scraper - product_scraper.scrap_product:42 - Can't get https://pipeprice.ru/product/otvod-820kh16-stalnoy-45-gradusov-kalach-gost-17375-2001/. AttributeError:23
WARNING - 2023-11-14 02:15:12,592 - main.product_scraper - product_scraper.scrap_product:42 - Can't get https://pipeprice.ru/product/otvod-820kh18-stalnoy-45-gradusov-kalach-gost-17375-2001/. AttributeError:23
WARNING - 2023-11-14 02:15:13,688 - main.product_scraper - product_scraper.scrap_product:42 - Can't get https://pipeprice.ru/product/otvod-820kh20-stalnoy-45-gradusov-kalach-gost-17375-2001/. AttributeError:23
WARNING - 2023-11-14 02:15:14,456 - main.product_scraper - product_scraper.scrap_product:42 - Can't get https://pipeprice.ru/product/otvod-820kh22-stalnoy-45-gradusov-kalach-gost-17375-2001/. AttributeError:23
WARNING - 2023-11-14 02:15:15,568 - main.product_scraper - product_scraper.scrap_product:42 - Can't get https://pipeprice.ru/product/otvod-820kh24-stalnoy-45-gradusov-kalach-gost-17375-2001/. AttributeError:23
WARNING - 2023-11-14 02:15:16,335 - main.product_scraper - product_scraper.scrap_product:42 - Can't get https://pipeprice.ru/product/otvod-820kh26-stalnoy-45-gradusov-kalach-gost-17375-2001/. AttributeError:23
WARNING - 2023-11-14 02:15:17,231 - main.product_scraper - product_scraper.scrap_product:42 - Can't get https://pipeprice.ru/product/otvod-820kh28-stalnoy-45-gradusov-kalach-gost-17375-2001/. AttributeError:23
WARNING - 2023-11-14 02:15:17,628 - main.product_scraper - product_scraper.scrap_product:42 - Can't get https://pipeprice.ru/product/otvod-820kh30-stalnoy-45-gradusov-kalach-gost-17375-2001/. AttributeError:23
WARNING - 2023-11-14 02:15:18,476 - main.product_scraper - product_scraper.scrap_product:42 - Can't get https://pipeprice.ru/product/otvod-820kh32-stalnoy-45-gradusov-kalach-gost-17375-2001/. AttributeError:23
WARNING - 2023-11-14 02:15:18,886 - main.product_scraper - product_scraper.scrap_product:42 - Can't get https://pipeprice.ru/product/otvod-920kh12-stalnoy-45-gradusov-kalach-gost-17375-2001/. AttributeError:23
WARNING - 2023-11-14 02:15:19,639 - main.product_scraper - product_scraper.scrap_product:42 - Can't get https://pipeprice.ru/product/otvod-920kh14-stalnoy-45-gradusov-kalach-gost-17375-2001/. AttributeError:23
WARNING - 2023-11-14 02:15:20,030 - main.product_scraper - product_scraper.scrap_product:42 - Can't get https://pipeprice.ru/product/otvod-1020kh10-stalnoy-45-gradusov-kalach-gost-17375-2001/. AttributeError:23
WARNING - 2023-11-14 02:15:21,028 - main.product_scraper - product_scraper.scrap_product:42 - Can't get https://pipeprice.ru/product/otvod-1020kh12-stalnoy-45-gradusov-kalach-gost-17375-2001/. AttributeError:23
WARNING - 2023-11-14 02:15:21,851 - main.product_scraper - product_scraper.scrap_product:42 - Can't get https://pipeprice.ru/product/otvod-1020kh14-stalnoy-45-gradusov-kalach-gost-17375-2001/. AttributeError:23
WARNING - 2023-11-14 02:15:22,772 - main.product_scraper - product_scraper.scrap_product:42 - Can't get https://pipeprice.ru/product/otvod-1020kh16-stalnoy-45-gradusov-kalach-gost-17375-2001/. AttributeError:23
WARNING - 2023-11-14 02:15:23,521 - main.product_scraper - product_scraper.scrap_product:42 - Can't get https://pipeprice.ru/product/otvod-izognutyy-90-45-kh-2-5-4-0-ost-34-10-699-97/. AttributeError:23
WARNING - 2023-11-14 02:15:24,446 - main.product_scraper - product_scraper.scrap_product:42 - Can't get https://pipeprice.ru/product/otvod-izognutyy-90-57-kh-3-0-4-0-ost-34-10-699-97/. AttributeError:23
WARNING - 2023-11-14 02:15:24,803 - main.product_scraper - product_scraper.scrap_product:42 - Can't get https://pipeprice.ru/product/otvod-izognutyy-90-76-kh-3-5-4-0-ost-34-10-699-97/. AttributeError:23
WARNING - 2023-11-14 02:15:24,977 - main.product_scraper - product_scraper.scrap_product:42 - Can't get https://pipeprice.ru/product/otvod-izognutyy-90-89-kh-3-5-4-0-ost-34-10-699-97/. AttributeError:23
WARNING - 2023-11-14 02:15:25,882 - main.product_scraper - product_scraper.scrap_product:42 - Can't get https://pipeprice.ru/product/otvod-izognutyy-90-108-kh-4-0-4-0-ost-34-10-699-97/. AttributeError:23
WARNING - 2023-11-14 02:15:26,775 - main.product_scraper - product_scraper.scrap_product:42 - Can't get https://pipeprice.ru/product/otvod-izognutyy-90-133-kh-4-0-4-0-ost-34-10-699-97/. AttributeError:23
WARNING - 2023-11-14 02:15:27,142 - main.product_scraper - product_scraper.scrap_product:42 - Can't get https://pipeprice.ru/product/otvod-izognutyy-90-159-kh-6-0-4-0-ost-34-10-699-97/. AttributeError:23
WARNING - 2023-11-14 02:15:28,088 - main.product_scraper - product_scraper.scrap_product:42 - Can't get https://pipeprice.ru/product/otvod-izognutyy-90-219-kh-8-0-4-0-ost-34-10-699-97/. AttributeError:23
WARNING - 2023-11-14 02:15:28,813 - main.product_scraper - product_scraper.scrap_product:42 - Can't get https://pipeprice.ru/product/otvod-izognutyy-90-273-kh-10-0-4-0-ost-34-10-699-97/. AttributeError:23
WARNING - 2023-11-14 02:15:29,784 - main.product_scraper - product_scraper.scrap_product:42 - Can't get https://pipeprice.ru/product/otvod-izognutyy-90-325-kh-10-0-4-0-ost-34-10-699-97/. AttributeError:23
WARNING - 2023-11-14 02:15:30,637 - main.product_scraper - product_scraper.scrap_product:42 - Can't get https://pipeprice.ru/product/otvod-izognutyy-90-377-kh-10-0-4-0-ost-34-10-699-97/. AttributeError:23
WARNING - 2023-11-14 02:15:31,519 - main.product_scraper - product_scraper.scrap_product:42 - Can't get https://pipeprice.ru/product/otvod-izognutyy-90-426-kh-10-0-4-0-ost-3410-699-97/. AttributeError:23
WARNING - 2023-11-14 02:15:32,475 - main.product_scraper - product_scraper.scrap_product:42 - Can't get https://pipeprice.ru/product/otvod-izognutyy-90-530-kh-12-0-2-5-ost-3410-699-97/. AttributeError:23
WARNING - 2023-11-14 02:15:33,230 - main.product_scraper - product_scraper.scrap_product:42 - Can't get https://pipeprice.ru/product/otvod-izognutyy-90-530-kh-10-0-1-6-ost-3410-699-97/. AttributeError:23
DEBUG - 2023-11-14 02:15:50,139 - main.product_scraper - product_scraper.scrap_products:59 - Products got: 11600/44648 (26.0%)
DEBUG - 2023-11-14 02:17:23,102 - main.product_scraper - product_scraper.scrap_products:59 - Products got: 11800/44648 (26.4%)
DEBUG - 2023-11-14 02:18:45,287 - main.product_scraper - product_scraper.scrap_products:59 - Products got: 12000/44648 (26.9%)
DEBUG - 2023-11-14 02:19:59,900 - main.product_scraper - product_scraper.scrap_products:59 - Products got: 12200/44648 (27.3%)
DEBUG - 2023-11-14 02:21:35,921 - main.product_scraper - product_scraper.scrap_products:59 - Products got: 12400/44648 (27.8%)
WARNING - 2023-11-14 02:22:40,282 - main.product_scraper - product_scraper.scrap_product:42 - Can't get https://pipeprice.ru/product/troynik-stalnoy-neravnoprokhodnoy-du600kh500-sk-2109-92-041-68/. AttributeError:23
WARNING - 2023-11-14 02:22:40,500 - main.product_scraper - product_scraper.scrap_product:42 - Can't get https://pipeprice.ru/product/troynik-stalnoy-ravnoprokhodnoy-du600kh600-sk-2109-92-041-69/. AttributeError:23
WARNING - 2023-11-14 02:22:41,181 - main.product_scraper - product_scraper.scrap_product:42 - Can't get https://pipeprice.ru/product/troynik-stalnoy-neravnoprokhodnoy-du700kh250-sk2109-92-041-71/. AttributeError:23
WARNING - 2023-11-14 02:22:42,393 - main.product_scraper - product_scraper.scrap_product:42 - Can't get https://pipeprice.ru/product/troynik-stalnoy-neravnoprokhodnoy-du700kh500-sk2109-92-041-74/. AttributeError:23
WARNING - 2023-11-14 02:22:53,140 - main.product_scraper - product_scraper.scrap_product:42 - Can't get https://pipeprice.ru/product/troynik-svarnoy-perekhodnoy-108kh6-89kh3-5-ts-588-000-008/. AttributeError:23
DEBUG - 2023-11-14 02:23:21,510 - main.product_scraper - product_scraper.scrap_products:59 - Products got: 12600/44648 (28.2%)
DEBUG - 2023-11-14 02:25:00,013 - main.product_scraper - product_scraper.scrap_products:59 - Products got: 12800/44648 (28.7%)
DEBUG - 2023-11-14 02:26:34,156 - main.product_scraper - product_scraper.scrap_products:59 - Products got: 13000/44648 (29.1%)
DEBUG - 2023-11-14 02:27:44,145 - main.product_scraper - product_scraper.scrap_products:59 - Products got: 13200/44648 (29.6%)
INFO - 2023-11-14 02:28:35,337 - main - main.main:85 - Scraper ended work. Worktime: 4950.85s; Connection function calls: 13400;Successful requests: 13400.
