DEBUG - 2023-11-14 16:57:21,511 - main - main.main:22 - Scraper started work.
DEBUG - 2023-11-14 16:57:21,514 - main.utils - utils.load_from_csv:26 - Data loaded from 'data\categories.csv'. Total lines: 0
INFO - 2023-11-14 16:57:21,514 - main.category_scraper - category_scraper.scrap_all_categories:99 - All categories scraped. Found: 0 products; and 0 None (Not scraped categories)
DEBUG - 2023-11-14 16:57:21,515 - main.utils - utils.save_to_csv:17 - Data saved to 'data\categories.csv'. Total lines: 0
DEBUG - 2023-11-14 16:57:21,515 - main - main.main:56 - Product urls got. Now worktime: 0.00s
DEBUG - 2023-11-14 16:57:21,525 - main.utils - utils.load_from_csv:26 - Data loaded from 'data\product_urls.csv'. Total lines: 446
DEBUG - 2023-11-14 16:58:13,959 - main.product_scraper - product_scraper.scrap_products:59 - Products got: 200/446 (44.8%)
WARNING - 2023-11-14 16:58:25,004 - main.product_scraper - product_scraper.scrap_product:42 - Can't get https://pipeprice.ru/product/. AttributeError:23
WARNING - 2023-11-14 16:58:25,304 - main.product_scraper - product_scraper.scrap_product:42 - Can't get https://pipeprice.ru/product/. AttributeError:23
WARNING - 2023-11-14 16:58:25,376 - main.product_scraper - product_scraper.scrap_product:42 - Can't get https://pipeprice.ru/product/. AttributeError:23
WARNING - 2023-11-14 16:58:25,958 - main.product_scraper - product_scraper.scrap_product:42 - Can't get https://pipeprice.ru/product/. AttributeError:23
WARNING - 2023-11-14 16:58:26,028 - main.product_scraper - product_scraper.scrap_product:42 - Can't get https://pipeprice.ru/product/. AttributeError:23
WARNING - 2023-11-14 16:58:26,673 - main.product_scraper - product_scraper.scrap_product:42 - Can't get https://pipeprice.ru/product/. AttributeError:23
WARNING - 2023-11-14 16:58:26,803 - main.product_scraper - product_scraper.scrap_product:42 - Can't get https://pipeprice.ru/product/. AttributeError:23
WARNING - 2023-11-14 16:58:26,874 - main.product_scraper - product_scraper.scrap_product:42 - Can't get https://pipeprice.ru/product/. AttributeError:23
WARNING - 2023-11-14 16:58:26,948 - main.product_scraper - product_scraper.scrap_product:42 - Can't get https://pipeprice.ru/product/. AttributeError:23
WARNING - 2023-11-14 16:58:27,669 - main.product_scraper - product_scraper.scrap_product:42 - Can't get https://pipeprice.ru/product/. AttributeError:23
WARNING - 2023-11-14 16:58:28,314 - main.product_scraper - product_scraper.scrap_product:42 - Can't get https://pipeprice.ru/product/. AttributeError:23
WARNING - 2023-11-14 16:58:31,913 - main.product_scraper - product_scraper.scrap_product:42 - Can't get https://pipeprice.ru/product/. AttributeError:23
WARNING - 2023-11-14 16:58:33,094 - main.product_scraper - product_scraper.scrap_product:42 - Can't get https://pipeprice.ru/product/. AttributeError:23
WARNING - 2023-11-14 16:58:36,132 - main.product_scraper - product_scraper.scrap_product:42 - Can't get https://pipeprice.ru/product/. AttributeError:23
WARNING - 2023-11-14 16:58:37,287 - main.product_scraper - product_scraper.scrap_product:42 - Can't get https://pipeprice.ru/product/. AttributeError:23
WARNING - 2023-11-14 16:58:38,473 - main.product_scraper - product_scraper.scrap_product:42 - Can't get https://pipeprice.ru/product/. AttributeError:23
WARNING - 2023-11-14 16:58:38,544 - main.product_scraper - product_scraper.scrap_product:42 - Can't get https://pipeprice.ru/product/. AttributeError:23
WARNING - 2023-11-14 16:58:38,616 - main.product_scraper - product_scraper.scrap_product:42 - Can't get https://pipeprice.ru/product/. AttributeError:23
WARNING - 2023-11-14 16:58:38,740 - main.product_scraper - product_scraper.scrap_product:42 - Can't get https://pipeprice.ru/product/. AttributeError:23
WARNING - 2023-11-14 16:58:38,814 - main.product_scraper - product_scraper.scrap_product:42 - Can't get https://pipeprice.ru/product/. AttributeError:23
WARNING - 2023-11-14 16:58:38,883 - main.product_scraper - product_scraper.scrap_product:42 - Can't get https://pipeprice.ru/product/. AttributeError:23
WARNING - 2023-11-14 16:58:39,033 - main.product_scraper - product_scraper.scrap_product:42 - Can't get https://pipeprice.ru/product/. AttributeError:23
WARNING - 2023-11-14 16:58:39,111 - main.product_scraper - product_scraper.scrap_product:42 - Can't get https://pipeprice.ru/product/. AttributeError:23
WARNING - 2023-11-14 16:58:39,189 - main.product_scraper - product_scraper.scrap_product:42 - Can't get https://pipeprice.ru/product/. AttributeError:23
WARNING - 2023-11-14 16:58:39,341 - main.product_scraper - product_scraper.scrap_product:42 - Can't get https://pipeprice.ru/product/. AttributeError:23
WARNING - 2023-11-14 16:58:39,419 - main.product_scraper - product_scraper.scrap_product:42 - Can't get https://pipeprice.ru/product/. AttributeError:23
WARNING - 2023-11-14 16:58:39,497 - main.product_scraper - product_scraper.scrap_product:42 - Can't get https://pipeprice.ru/product/. AttributeError:23
WARNING - 2023-11-14 16:58:39,624 - main.product_scraper - product_scraper.scrap_product:42 - Can't get https://pipeprice.ru/product/. AttributeError:23
WARNING - 2023-11-14 16:58:39,704 - main.product_scraper - product_scraper.scrap_product:42 - Can't get https://pipeprice.ru/product/. AttributeError:23
WARNING - 2023-11-14 16:58:39,780 - main.product_scraper - product_scraper.scrap_product:42 - Can't get https://pipeprice.ru/product/. AttributeError:23
WARNING - 2023-11-14 16:58:39,857 - main.product_scraper - product_scraper.scrap_product:42 - Can't get https://pipeprice.ru/product/. AttributeError:23
WARNING - 2023-11-14 16:58:40,015 - main.product_scraper - product_scraper.scrap_product:42 - Can't get https://pipeprice.ru/product/. AttributeError:23
WARNING - 2023-11-14 16:58:40,096 - main.product_scraper - product_scraper.scrap_product:42 - Can't get https://pipeprice.ru/product/. AttributeError:23
WARNING - 2023-11-14 16:58:40,173 - main.product_scraper - product_scraper.scrap_product:42 - Can't get https://pipeprice.ru/product/. AttributeError:23
WARNING - 2023-11-14 16:58:40,317 - main.product_scraper - product_scraper.scrap_product:42 - Can't get https://pipeprice.ru/product/. AttributeError:23
WARNING - 2023-11-14 16:58:40,392 - main.product_scraper - product_scraper.scrap_product:42 - Can't get https://pipeprice.ru/product/. AttributeError:23
WARNING - 2023-11-14 16:58:40,467 - main.product_scraper - product_scraper.scrap_product:42 - Can't get https://pipeprice.ru/product/. AttributeError:23
WARNING - 2023-11-14 16:58:40,594 - main.product_scraper - product_scraper.scrap_product:42 - Can't get https://pipeprice.ru/product/. AttributeError:23
WARNING - 2023-11-14 16:58:40,670 - main.product_scraper - product_scraper.scrap_product:42 - Can't get https://pipeprice.ru/product/. AttributeError:23
WARNING - 2023-11-14 16:58:40,748 - main.product_scraper - product_scraper.scrap_product:42 - Can't get https://pipeprice.ru/product/. AttributeError:23
WARNING - 2023-11-14 16:58:40,900 - main.product_scraper - product_scraper.scrap_product:42 - Can't get https://pipeprice.ru/product/. AttributeError:23
WARNING - 2023-11-14 16:58:40,977 - main.product_scraper - product_scraper.scrap_product:42 - Can't get https://pipeprice.ru/product/. AttributeError:23
WARNING - 2023-11-14 16:58:41,059 - main.product_scraper - product_scraper.scrap_product:42 - Can't get https://pipeprice.ru/product/. AttributeError:23
WARNING - 2023-11-14 16:58:41,134 - main.product_scraper - product_scraper.scrap_product:42 - Can't get https://pipeprice.ru/product/. AttributeError:23
WARNING - 2023-11-14 16:58:41,263 - main.product_scraper - product_scraper.scrap_product:42 - Can't get https://pipeprice.ru/product/. AttributeError:23
WARNING - 2023-11-14 16:58:41,342 - main.product_scraper - product_scraper.scrap_product:42 - Can't get https://pipeprice.ru/product/. AttributeError:23
WARNING - 2023-11-14 16:58:41,418 - main.product_scraper - product_scraper.scrap_product:42 - Can't get https://pipeprice.ru/product/. AttributeError:23
WARNING - 2023-11-14 16:58:41,566 - main.product_scraper - product_scraper.scrap_product:42 - Can't get https://pipeprice.ru/product/. AttributeError:23
WARNING - 2023-11-14 16:58:41,644 - main.product_scraper - product_scraper.scrap_product:42 - Can't get https://pipeprice.ru/product/. AttributeError:23
WARNING - 2023-11-14 16:58:41,726 - main.product_scraper - product_scraper.scrap_product:42 - Can't get https://pipeprice.ru/product/. AttributeError:23
WARNING - 2023-11-14 16:58:41,878 - main.product_scraper - product_scraper.scrap_product:42 - Can't get https://pipeprice.ru/product/. AttributeError:23
WARNING - 2023-11-14 16:58:41,957 - main.product_scraper - product_scraper.scrap_product:42 - Can't get https://pipeprice.ru/product/. AttributeError:23
WARNING - 2023-11-14 16:58:42,032 - main.product_scraper - product_scraper.scrap_product:42 - Can't get https://pipeprice.ru/product/. AttributeError:23
WARNING - 2023-11-14 16:58:42,154 - main.product_scraper - product_scraper.scrap_product:42 - Can't get https://pipeprice.ru/product/. AttributeError:23
WARNING - 2023-11-14 16:58:42,228 - main.product_scraper - product_scraper.scrap_product:42 - Can't get https://pipeprice.ru/product/. AttributeError:23
WARNING - 2023-11-14 16:58:42,303 - main.product_scraper - product_scraper.scrap_product:42 - Can't get https://pipeprice.ru/product/. AttributeError:23
WARNING - 2023-11-14 16:58:42,378 - main.product_scraper - product_scraper.scrap_product:42 - Can't get https://pipeprice.ru/product/. AttributeError:23
WARNING - 2023-11-14 16:58:42,507 - main.product_scraper - product_scraper.scrap_product:42 - Can't get https://pipeprice.ru/product/. AttributeError:23
WARNING - 2023-11-14 16:58:42,582 - main.product_scraper - product_scraper.scrap_product:42 - Can't get https://pipeprice.ru/product/. AttributeError:23
WARNING - 2023-11-14 16:58:42,657 - main.product_scraper - product_scraper.scrap_product:42 - Can't get https://pipeprice.ru/product/. AttributeError:23
WARNING - 2023-11-14 16:58:42,766 - main.product_scraper - product_scraper.scrap_product:42 - Can't get https://pipeprice.ru/product/. AttributeError:23
WARNING - 2023-11-14 16:58:42,845 - main.product_scraper - product_scraper.scrap_product:42 - Can't get https://pipeprice.ru/product/. AttributeError:23
WARNING - 2023-11-14 16:58:42,922 - main.product_scraper - product_scraper.scrap_product:42 - Can't get https://pipeprice.ru/product/. AttributeError:23
WARNING - 2023-11-14 16:58:43,070 - main.product_scraper - product_scraper.scrap_product:42 - Can't get https://pipeprice.ru/product/. AttributeError:23
WARNING - 2023-11-14 16:58:43,148 - main.product_scraper - product_scraper.scrap_product:42 - Can't get https://pipeprice.ru/product/. AttributeError:23
WARNING - 2023-11-14 16:58:43,231 - main.product_scraper - product_scraper.scrap_product:42 - Can't get https://pipeprice.ru/product/. AttributeError:23
WARNING - 2023-11-14 16:58:43,382 - main.product_scraper - product_scraper.scrap_product:42 - Can't get https://pipeprice.ru/product/. AttributeError:23
WARNING - 2023-11-14 16:58:43,460 - main.product_scraper - product_scraper.scrap_product:42 - Can't get https://pipeprice.ru/product/. AttributeError:23
WARNING - 2023-11-14 16:58:43,538 - main.product_scraper - product_scraper.scrap_product:42 - Can't get https://pipeprice.ru/product/. AttributeError:23
WARNING - 2023-11-14 16:58:43,617 - main.product_scraper - product_scraper.scrap_product:42 - Can't get https://pipeprice.ru/product/. AttributeError:23
WARNING - 2023-11-14 16:58:43,779 - main.product_scraper - product_scraper.scrap_product:42 - Can't get https://pipeprice.ru/product/. AttributeError:23
WARNING - 2023-11-14 16:58:43,856 - main.product_scraper - product_scraper.scrap_product:42 - Can't get https://pipeprice.ru/product/. AttributeError:23
WARNING - 2023-11-14 16:58:43,938 - main.product_scraper - product_scraper.scrap_product:42 - Can't get https://pipeprice.ru/product/. AttributeError:23
WARNING - 2023-11-14 16:58:44,131 - main.product_scraper - product_scraper.scrap_product:42 - Can't get https://pipeprice.ru/product/. AttributeError:23
WARNING - 2023-11-14 16:58:44,214 - main.product_scraper - product_scraper.scrap_product:42 - Can't get https://pipeprice.ru/product/. AttributeError:23
WARNING - 2023-11-14 16:58:44,284 - main.product_scraper - product_scraper.scrap_product:42 - Can't get https://pipeprice.ru/product/. AttributeError:23
WARNING - 2023-11-14 16:58:44,432 - main.product_scraper - product_scraper.scrap_product:42 - Can't get https://pipeprice.ru/product/. AttributeError:23
WARNING - 2023-11-14 16:58:44,507 - main.product_scraper - product_scraper.scrap_product:42 - Can't get https://pipeprice.ru/product/. AttributeError:23
WARNING - 2023-11-14 16:58:44,581 - main.product_scraper - product_scraper.scrap_product:42 - Can't get https://pipeprice.ru/product/. AttributeError:23
WARNING - 2023-11-14 16:58:44,653 - main.product_scraper - product_scraper.scrap_product:42 - Can't get https://pipeprice.ru/product/. AttributeError:23
WARNING - 2023-11-14 16:58:44,815 - main.product_scraper - product_scraper.scrap_product:42 - Can't get https://pipeprice.ru/product/. AttributeError:23
WARNING - 2023-11-14 16:58:44,890 - main.product_scraper - product_scraper.scrap_product:42 - Can't get https://pipeprice.ru/product/. AttributeError:23
WARNING - 2023-11-14 16:58:44,962 - main.product_scraper - product_scraper.scrap_product:42 - Can't get https://pipeprice.ru/product/. AttributeError:23
WARNING - 2023-11-14 16:58:45,106 - main.product_scraper - product_scraper.scrap_product:42 - Can't get https://pipeprice.ru/product/. AttributeError:23
WARNING - 2023-11-14 16:58:45,194 - main.product_scraper - product_scraper.scrap_product:42 - Can't get https://pipeprice.ru/product/. AttributeError:23
WARNING - 2023-11-14 16:58:45,268 - main.product_scraper - product_scraper.scrap_product:42 - Can't get https://pipeprice.ru/product/. AttributeError:23
WARNING - 2023-11-14 16:58:45,410 - main.product_scraper - product_scraper.scrap_product:42 - Can't get https://pipeprice.ru/product/. AttributeError:23
WARNING - 2023-11-14 16:58:45,488 - main.product_scraper - product_scraper.scrap_product:42 - Can't get https://pipeprice.ru/product/. AttributeError:23
WARNING - 2023-11-14 16:58:45,565 - main.product_scraper - product_scraper.scrap_product:42 - Can't get https://pipeprice.ru/product/. AttributeError:23
WARNING - 2023-11-14 16:58:45,693 - main.product_scraper - product_scraper.scrap_product:42 - Can't get https://pipeprice.ru/product/. AttributeError:23
WARNING - 2023-11-14 16:58:45,770 - main.product_scraper - product_scraper.scrap_product:42 - Can't get https://pipeprice.ru/product/. AttributeError:23
WARNING - 2023-11-14 16:58:45,848 - main.product_scraper - product_scraper.scrap_product:42 - Can't get https://pipeprice.ru/product/. AttributeError:23
WARNING - 2023-11-14 16:58:45,922 - main.product_scraper - product_scraper.scrap_product:42 - Can't get https://pipeprice.ru/product/. AttributeError:23
WARNING - 2023-11-14 16:58:46,060 - main.product_scraper - product_scraper.scrap_product:42 - Can't get https://pipeprice.ru/product/. AttributeError:23
WARNING - 2023-11-14 16:58:46,135 - main.product_scraper - product_scraper.scrap_product:42 - Can't get https://pipeprice.ru/product/. AttributeError:23
WARNING - 2023-11-14 16:58:46,209 - main.product_scraper - product_scraper.scrap_product:42 - Can't get https://pipeprice.ru/product/. AttributeError:23
WARNING - 2023-11-14 16:58:46,322 - main.product_scraper - product_scraper.scrap_product:42 - Can't get https://pipeprice.ru/product/. AttributeError:23
WARNING - 2023-11-14 16:58:46,398 - main.product_scraper - product_scraper.scrap_product:42 - Can't get https://pipeprice.ru/product/. AttributeError:23
WARNING - 2023-11-14 16:58:46,473 - main.product_scraper - product_scraper.scrap_product:42 - Can't get https://pipeprice.ru/product/. AttributeError:23
WARNING - 2023-11-14 16:58:46,609 - main.product_scraper - product_scraper.scrap_product:42 - Can't get https://pipeprice.ru/product/. AttributeError:23
WARNING - 2023-11-14 16:58:46,687 - main.product_scraper - product_scraper.scrap_product:42 - Can't get https://pipeprice.ru/product/. AttributeError:23
WARNING - 2023-11-14 16:58:46,764 - main.product_scraper - product_scraper.scrap_product:42 - Can't get https://pipeprice.ru/product/. AttributeError:23
WARNING - 2023-11-14 16:58:46,890 - main.product_scraper - product_scraper.scrap_product:42 - Can't get https://pipeprice.ru/product/. AttributeError:23
WARNING - 2023-11-14 16:58:46,966 - main.product_scraper - product_scraper.scrap_product:42 - Can't get https://pipeprice.ru/product/. AttributeError:23
WARNING - 2023-11-14 16:58:47,043 - main.product_scraper - product_scraper.scrap_product:42 - Can't get https://pipeprice.ru/product/. AttributeError:23
WARNING - 2023-11-14 16:58:47,121 - main.product_scraper - product_scraper.scrap_product:42 - Can't get https://pipeprice.ru/product/. AttributeError:23
WARNING - 2023-11-14 16:58:47,254 - main.product_scraper - product_scraper.scrap_product:42 - Can't get https://pipeprice.ru/product/. AttributeError:23
WARNING - 2023-11-14 16:58:47,333 - main.product_scraper - product_scraper.scrap_product:42 - Can't get https://pipeprice.ru/product/. AttributeError:23
WARNING - 2023-11-14 16:58:47,410 - main.product_scraper - product_scraper.scrap_product:42 - Can't get https://pipeprice.ru/product/. AttributeError:23
WARNING - 2023-11-14 16:58:47,525 - main.product_scraper - product_scraper.scrap_product:42 - Can't get https://pipeprice.ru/product/. AttributeError:23
WARNING - 2023-11-14 16:58:47,604 - main.product_scraper - product_scraper.scrap_product:42 - Can't get https://pipeprice.ru/product/. AttributeError:23
WARNING - 2023-11-14 16:58:47,690 - main.product_scraper - product_scraper.scrap_product:42 - Can't get https://pipeprice.ru/product/. AttributeError:23
WARNING - 2023-11-14 16:58:47,814 - main.product_scraper - product_scraper.scrap_product:42 - Can't get https://pipeprice.ru/product/. AttributeError:23
WARNING - 2023-11-14 16:58:47,891 - main.product_scraper - product_scraper.scrap_product:42 - Can't get https://pipeprice.ru/product/. AttributeError:23
WARNING - 2023-11-14 16:58:47,968 - main.product_scraper - product_scraper.scrap_product:42 - Can't get https://pipeprice.ru/product/. AttributeError:23
WARNING - 2023-11-14 16:58:48,089 - main.product_scraper - product_scraper.scrap_product:42 - Can't get https://pipeprice.ru/product/. AttributeError:23
WARNING - 2023-11-14 16:58:48,166 - main.product_scraper - product_scraper.scrap_product:42 - Can't get https://pipeprice.ru/product/. AttributeError:23
WARNING - 2023-11-14 16:58:48,243 - main.product_scraper - product_scraper.scrap_product:42 - Can't get https://pipeprice.ru/product/. AttributeError:23
WARNING - 2023-11-14 16:58:48,322 - main.product_scraper - product_scraper.scrap_product:42 - Can't get https://pipeprice.ru/product/. AttributeError:23
WARNING - 2023-11-14 16:58:48,475 - main.product_scraper - product_scraper.scrap_product:42 - Can't get https://pipeprice.ru/product/. AttributeError:23
WARNING - 2023-11-14 16:58:48,555 - main.product_scraper - product_scraper.scrap_product:42 - Can't get https://pipeprice.ru/product/. AttributeError:23
WARNING - 2023-11-14 16:58:48,632 - main.product_scraper - product_scraper.scrap_product:42 - Can't get https://pipeprice.ru/product/. AttributeError:23
WARNING - 2023-11-14 16:58:48,750 - main.product_scraper - product_scraper.scrap_product:42 - Can't get https://pipeprice.ru/product/. AttributeError:23
WARNING - 2023-11-14 16:58:48,829 - main.product_scraper - product_scraper.scrap_product:42 - Can't get https://pipeprice.ru/product/. AttributeError:23
WARNING - 2023-11-14 16:58:48,907 - main.product_scraper - product_scraper.scrap_product:42 - Can't get https://pipeprice.ru/product/. AttributeError:23
WARNING - 2023-11-14 16:58:49,032 - main.product_scraper - product_scraper.scrap_product:42 - Can't get https://pipeprice.ru/product/. AttributeError:23
WARNING - 2023-11-14 16:58:49,220 - main.product_scraper - product_scraper.scrap_product:42 - Can't get https://pipeprice.ru/product/. AttributeError:23
DEBUG - 2023-11-14 16:59:05,926 - main.product_scraper - product_scraper.scrap_products:59 - Products got: 400/446 (89.7%)
DEBUG - 2023-11-14 16:59:31,434 - main.product_scraper - product_scraper.scrap_products:59 - Products got: 446/446 (100.0%)
DEBUG - 2023-11-14 16:59:31,435 - main - main.main:68 - Products got. Now worktime: 129.92s
DEBUG - 2023-11-14 16:59:31,436 - main.utils - utils.save_to_csv:17 - Data saved to 'data\product_urls.csv'. Total lines: 127
INFO - 2023-11-14 16:59:31,438 - main - main.main:86 - Scraper ended work. Worktime: 129.93s; Connection function calls: 446;Successful requests: 446.
